\BOOKMARK [1][-]{section.1}{\376\377\0001\000.\000\040\000I\000n\000t\000r\000o\000d\000u\000c\000t\000i\000o\000n}{}% 1
\BOOKMARK [2][-]{subsection.1.1}{\376\377\0001\000.\0001\000.\000\040\000M\000A\000N\000O\000V\000A}{section.1}% 2
\BOOKMARK [2][-]{subsection.1.2}{\376\377\0001\000.\0002\000.\000\040\000R\000e\000g\000r\000e\000s\000s\000i\000o\000n\000a\000n\000a\000l\000y\000s\000i\000s}{section.1}% 3
\BOOKMARK [1][-]{section.2}{\376\377\0002\000.\000\040\000S\000a\000m\000p\000l\000e\000\040\000\046\000\040\000R\000a\000n\000d\000o\000m\000\040\000M\000a\000t\000r\000i\000c\000e\000s}{}% 4
\BOOKMARK [2][-]{subsection.2.1}{\376\377\0002\000.\0001\000.\000\040\000S\000l\000i\000d\000e\000\040\0003\000\040\000-\000\040\000E\000x\000p\000e\000c\000t\000a\000t\000i\000o\000n}{section.2}% 5
\BOOKMARK [2][-]{subsection.2.2}{\376\377\0002\000.\0002\000.\000\040\000S\000l\000i\000d\000e\000\040\0004\000\040\000-\000\040\000C\000o\000v\000a\000r\000i\000a\000n\000c\000e\000\040\000M\000a\000t\000r\000i\000x}{section.2}% 6
\BOOKMARK [2][-]{subsection.2.3}{\376\377\0002\000.\0003\000.\000\040\000S\000l\000i\000d\000e\000\040\0005\000\040\000-\000\040\000C\000o\000v\000a\000r\000i\000a\000n\000c\000e\000\040\000M\000a\000t\000r\000i\000x}{section.2}% 7
\BOOKMARK [2][-]{subsection.2.4}{\376\377\0002\000.\0004\000.\000\040\000S\000l\000i\000d\000e\000\040\0006\000\040\000-\000\040\000L\000i\000n\000e\000a\000r\000\040\000C\000o\000m\000b\000i\000n\000a\000t\000i\000o\000n}{section.2}% 8
\BOOKMARK [2][-]{subsection.2.5}{\376\377\0002\000.\0005\000.\000\040\000S\000l\000i\000d\000e\000\040\0007\000\040\000-\000\040\000L\000i\000n\000e\000a\000r\000\040\000C\000o\000m\000b\000i\000n\000a\000t\000i\000o\000n}{section.2}% 9
\BOOKMARK [2][-]{subsection.2.6}{\376\377\0002\000.\0006\000.\000\040\000S\000l\000i\000d\000e\000\040\0009\000\040\000-\000\040\000I\000n\000d\000e\000p\000e\000n\000d\000e\000n\000c\000e}{section.2}% 10
\BOOKMARK [2][-]{subsection.2.7}{\376\377\0002\000.\0007\000.\000\040\000S\000l\000i\000d\000e\000\040\0001\0000\000\040\000-\000\040\000R\000a\000n\000d\000o\000m\000\040\000S\000a\000m\000p\000l\000e}{section.2}% 11
\BOOKMARK [2][-]{subsection.2.8}{\376\377\0002\000.\0008\000.\000\040\000S\000l\000i\000d\000e\000\040\0001\0002\000\040\000-\000\040\000S\000o\000m\000e\000\040\000N\000o\000t\000e\000s\000\040\000o\000n\000\040\000S\000a\000m\000p\000l\000e\000\040\000C\000o\000v\000a\000r\000i\000a\000n\000c\000e\000\040\000M\000a\000t\000r\000i\000x}{section.2}% 12
\BOOKMARK [2][-]{subsection.2.9}{\376\377\0002\000.\0009\000.\000\040\000S\000l\000i\000d\000e\000\040\0001\0007\000\040\000-\000\040\000S\000a\000m\000p\000l\000e\000\040\000C\000o\000v\000a\000r\000i\000a\000n\000c\000e\000\040\000M\000a\000t\000r\000i\000x}{section.2}% 13
\BOOKMARK [1][-]{section.3}{\376\377\0003\000.\000\040\000M\000u\000l\000t\000i\000v\000a\000r\000i\000a\000t\000e\000\040\000N\000o\000r\000m\000a\000l\000\040\000D\000i\000s\000t\000r\000i\000b\000u\000t\000i\000o\000n}{}% 14
\BOOKMARK [2][-]{subsection.3.1}{\376\377\0003\000.\0001\000.\000\040\000S\000l\000i\000d\000e\000\040\0004\000-\0005\000\040\000-\000\040\000F\000r\000o\000m\000\040\000U\000n\000i\000v\000a\000r\000i\000a\000t\000e\000\040\000t\000o\000\040\000M\000u\000l\000t\000i\000v\000a\000r\000i\000a\000t\000e\000\040\000N\000o\000r\000m\000a\000l}{section.3}% 15
\BOOKMARK [2][-]{subsection.3.2}{\376\377\0003\000.\0002\000.\000\040\000S\000l\000i\000d\000e\000\040\0006\000\040\000-\000\040\000S\000p\000e\000c\000i\000a\000l\000\040\000C\000a\000s\000e\000:\000\040\000B\000i\000v\000a\000r\000i\000a\000t\000e\000\040\000N\000o\000r\000m\000a\000l}{section.3}% 16
\BOOKMARK [2][-]{subsection.3.3}{\376\377\0003\000.\0003\000.\000\040\000S\000l\000i\000d\000e\000\040\0007\000\040\000-\000\040\000C\000o\000n\000t\000o\000u\000r\000\040\000o\000f\000\040\000B\000i\000v\000a\000r\000i\000a\000t\000e\000\040\000N\000o\000r\000m\000a\000l\000\040\000D\000e\000n\000s\000i\000t\000y}{section.3}% 17
\BOOKMARK [2][-]{subsection.3.4}{\376\377\0003\000.\0004\000.\000\040\000S\000l\000i\000d\000e\000\040\0008\000\040\000-\000\040\000L\000i\000n\000e\000a\000r\000\040\000C\000o\000m\000b\000i\000n\000a\000t\000i\000o\000n\000s}{section.3}% 18
\BOOKMARK [2][-]{subsection.3.5}{\376\377\0003\000.\0005\000.\000\040\000S\000l\000i\000d\000e\000\040\0001\0000\000\040\000-\000\040\000N\000o\000r\000m\000a\000l\000\040\000a\000n\000d\000\040\000C\000h\000i\000-\000S\000q\000u\000a\000r\000e}{section.3}% 19
\BOOKMARK [2][-]{subsection.3.6}{\376\377\0003\000.\0006\000.\000\040\000S\000l\000i\000d\000e\000\040\0001\0001\000\040\000-\000\040\000S\000u\000b\000s\000e\000t\000\040\000o\000f\000\040\000V\000a\000r\000i\000a\000b\000l\000e\000s}{section.3}% 20
\BOOKMARK [2][-]{subsection.3.7}{\376\377\0003\000.\0007\000.\000\040\000S\000l\000i\000d\000e\000\040\0001\0002\000\040\000-\000\040\000E\000x\000a\000m\000p\000l\000e\000:\000\040\000S\000u\000b\000s\000e\000t\000\040\000o\000f\000\040\000V\000a\000r\000i\000a\000b\000l\000e\000s}{section.3}% 21
\BOOKMARK [2][-]{subsection.3.8}{\376\377\0003\000.\0008\000.\000\040\000S\000l\000i\000d\000e\000\040\0001\0003\000\040\000-\000\040\000S\000u\000b\000s\000e\000t\000\040\000o\000f\000\040\000V\000a\000r\000i\000a\000b\000l\000e\000s}{section.3}% 22
\BOOKMARK [2][-]{subsection.3.9}{\376\377\0003\000.\0009\000.\000\040\000S\000l\000i\000d\000e\000\040\0001\0005\000\040\000-\000\040\000M\000a\000r\000g\000i\000n\000a\000l\000\040\000N\000o\000r\000m\000a\000l\000\040\000a\000n\000d\000\040\000J\000o\000i\000n\000t\000\040\000D\000i\000s\000t\000r\000i\000b\000u\000t\000i\000o\000n}{section.3}% 23
\BOOKMARK [2][-]{subsection.3.10}{\376\377\0003\000.\0001\0000\000.\000\040\000S\000l\000i\000d\000e\000\040\0002\0003\000\040\000-\000\040\000L\000i\000k\000e\000l\000i\000h\000o\000o\000d\000\040\000o\000f\000\040\000N\000o\000r\000m\000a\000l\000\040\000R\000a\000n\000d\000o\000m\000\040\000S\000a\000m\000p\000l\000e}{section.3}% 24
\BOOKMARK [2][-]{subsection.3.11}{\376\377\0003\000.\0001\0001\000.\000\040\000S\000l\000i\000d\000e\000\040\0003\0002\000\040\000-\000\040\000L\000i\000m\000i\000t\000\040\000o\000f\000\040\000M\000L\000E}{section.3}% 25
