\BOOKMARK [1][-]{section.1}{\376\377\0001\000.\000\040\000F\000\366\000r\000e\000l\000\344\000s\000n\000i\000n\000g\000\040\000-\000\040\000I\000n\000t\000r\000o\000d\000u\000k\000t\000i\000o\000n\000\040\000t\000i\000l\000l\000\040\000S\000a\000t\000s\000l\000o\000g\000i\000k}{}% 1
\BOOKMARK [2][-]{subsection.1.1}{\376\377\0001\000.\0001\000.\000\040\000H\000i\000s\000t\000o\000r\000i\000a}{section.1}% 2
\BOOKMARK [2][-]{subsection.1.2}{\376\377\0001\000.\0002\000.\000\040\000V\000a\000d\000\040\000b\000e\000h\000\366\000v\000s\000\040\000f\000\366\000r\000\040\000e\000t\000t\000\040\000m\000a\000t\000e\000m\000a\000t\000i\000s\000k\000t\000\040\000b\000e\000v\000i\000s\000?}{section.1}% 3
\BOOKMARK [2][-]{subsection.1.3}{\376\377\0001\000.\0003\000.\000\040\000E\000x\000e\000m\000p\000e\000l}{section.1}% 4
\BOOKMARK [2][-]{subsection.1.4}{\376\377\0001\000.\0004\000.\000\040\000S\000a\000t\000s\000l\000o\000g\000i\000k}{section.1}% 5
\BOOKMARK [2][-]{subsection.1.5}{\376\377\0001\000.\0005\000.\000\040\000P\000r\000e\000d\000i\000k\000a\000t\000l\000o\000g\000i\000k\000\040\000\050\0001\000:\000a\000\040\000o\000r\000d\000n\000i\000n\000g\000e\000n\000s\000\040\000l\000o\000g\000i\000k\000\051}{section.1}% 6
\BOOKMARK [1][-]{section.2}{\376\377\0002\000.\000\040\000S\000a\000t\000s\000l\000o\000g\000i\000k\000\040\000\050\000P\000r\000o\000p\000o\000s\000i\000t\000i\000o\000n\000a\000l\000\040\000c\000a\000l\000c\000u\000l\000u\000s\000\051}{}% 7
\BOOKMARK [2][-]{subsection.2.1}{\376\377\0002\000.\0001\000.\000\040\000S\000p\000r\000\345\000k\000\040\000\050\000L\000P\000\051}{section.2}% 8
\BOOKMARK [2][-]{subsection.2.2}{\376\377\0002\000.\0002\000.\000\040\000E\000x\000e\000m\000p\000e\000l}{section.2}% 9
\BOOKMARK [1][-]{section.3}{\376\377\0003\000.\000\040\000F\000\366\000r\000e\000l\000\344\000s\000n\000i\000n\000g\000\040\000-\000\040\000N\000a\000t\000u\000r\000l\000i\000g\000\040\000d\000e\000d\000u\000k\000t\000i\000o\000n\000\040\000\050\000s\000y\000n\000t\000a\000x\000\051}{}% 10
\BOOKMARK [2][-]{subsection.3.1}{\376\377\0003\000.\0001\000.\000\040\000P\000a\000r\000a\000n\000t\000e\000s\000e\000r\000s\000\040\000r\000o\000l\000l}{section.3}% 11
\BOOKMARK [2][-]{subsection.3.2}{\376\377\0003\000.\0002\000.\000\040\000S\000y\000n\000t\000a\000x}{section.3}% 12
\BOOKMARK [2][-]{subsection.3.3}{\376\377\0003\000.\0003\000.\000\040\000N\000a\000t\000u\000r\000l\000i\000g\000\040\000d\000e\000d\000u\000k\000t\000i\000o\000n}{section.3}% 13
\BOOKMARK [1][-]{section.4}{\376\377\0004\000.\000\040\000F\000\366\000r\000t\000y\000d\000l\000i\000g\000a\000n\000d\000e}{}% 14
\BOOKMARK [2][-]{subsection.4.1}{\376\377\0004\000.\0001\000.\000\040\000S\000a\000n\000n\000i\000n\000g\000s\000t\000a\000b\000e\000l\000l\000e\000r}{section.4}% 15
\BOOKMARK [1][-]{section.5}{\376\377\0005\000.\000\040\000F\000\366\000r\000e\000l\000\344\000s\000n\000i\000n\000g\000\040\000-\000\040\000N\000a\000t\000u\000r\000l\000i\000g\000\040\000d\000e\000d\000u\000k\000t\000i\000o\000n\000\040\000f\000o\000r\000t\000s\000.}{}% 16
\BOOKMARK [2][-]{subsection.5.1}{\376\377\0005\000.\0001\000.\000\040\000B\000o\000t\000t\000e\000n\000\040\000\050\000\051}{section.5}% 17
\BOOKMARK [1][-]{section.6}{\376\377\0006\000.\000\040\000S\000e\000m\000a\000n\000t\000i\000k\000\040\000f\000\366\000r\000\040\000s\000a\000t\000s\000l\000o\000g\000i\000k}{}% 18
\BOOKMARK [1][-]{section.7}{\376\377\0007\000.\000\040\000L\000o\000g\000i\000s\000k\000\040\000e\000k\000v\000i\000v\000a\000l\000e\000n\000s\000\040\000o\000c\000h\000\040\000k\000o\000n\000s\000e\000k\000v\000e\000n\000s}{}% 19
\BOOKMARK [2][-]{subsection.7.1}{\376\377\0007\000.\0001\000.\000\040\000L\000o\000g\000i\000s\000k\000\040\000e\000k\000v\000i\000v\000a\000l\000e\000n\000s}{section.7}% 20
\BOOKMARK [2][-]{subsection.7.2}{\376\377\0007\000.\0002\000.\000\040\000E\000x\000e\000m\000p\000e\000l}{section.7}% 21
\BOOKMARK [2][-]{subsection.7.3}{\376\377\0007\000.\0003\000.\000\040\000N\000\345\000g\000r\000a\000\040\000v\000i\000k\000t\000i\000g\000a\000\040\000e\000k\000v\000i\000v\000a\000l\000e\000n\000s\000e\000r}{section.7}% 22
\BOOKMARK [2][-]{subsection.7.4}{\376\377\0007\000.\0004\000.\000\040\000L\000o\000g\000i\000s\000k\000\040\000k\000o\000n\000s\000e\000k\000v\000e\000n\000s}{section.7}% 23
\BOOKMARK [2][-]{subsection.7.5}{\376\377\0007\000.\0005\000.\000\040\000E\000x\000e\000m\000p\000e\000l}{section.7}% 24
\BOOKMARK [2][-]{subsection.7.6}{\376\377\0007\000.\0006\000.\000\040\000E\000x\000e\000m\000p\000e\000l}{section.7}% 25
\BOOKMARK [2][-]{subsection.7.7}{\376\377\0007\000.\0007\000.\000\040\000A\000l\000g\000o\000r\000i\000t\000m\000\040\000f\000\366\000r\000\040\000a\000t\000t\000\040\000a\000v\000g\000\366\000r\000a\000\040}{section.7}% 26
\BOOKMARK [2][-]{subsection.7.8}{\376\377\0007\000.\0008\000.\000\040\000E\000x\000e\000m\000p\000e\000l}{section.7}% 27
\BOOKMARK [2][-]{subsection.7.9}{\376\377\0007\000.\0009\000.\000\040\000E\000x\000e\000m\000p\000e\000l}{section.7}% 28
\BOOKMARK [2][-]{subsection.7.10}{\376\377\0007\000.\0001\0000\000.\000\040\000K\000o\000m\000m\000e\000n\000t\000a\000r}{section.7}% 29
\BOOKMARK [1][-]{section.8}{\376\377\0008\000.\000\040\000S\000u\000b\000s\000t\000i\000t\000u\000t\000i\000o\000n}{}% 30
\BOOKMARK [2][-]{subsection.8.1}{\376\377\0008\000.\0001\000.\000\040\000E\000x\000e\000m\000p\000e\000l}{section.8}% 31
\BOOKMARK [2][-]{subsection.8.2}{\376\377\0008\000.\0002\000.\000\040\000N\000o\000r\000m\000a\000l\000f\000o\000r\000m\000e\000r}{section.8}% 32
\BOOKMARK [1][-]{section.9}{\376\377\0009\000.\000\040\000F\000u\000n\000k\000t\000i\000o\000n\000e\000l\000l\000t\000\040\000k\000o\000m\000p\000l\000e\000t\000t\000a\000\040\000m\000\344\000n\000g\000d\000e\000r\000\040\000a\000v\000\040\000k\000o\000n\000n\000e\000k\000t\000i\000v}{}% 33
\BOOKMARK [2][-]{subsection.9.1}{\376\377\0009\000.\0001\000.\000\040\000A\000n\000v\000\344\000n\000d\000n\000i\000n\000g\000\040\000a\000v\000\040\000s\000u\000n\000d\000h\000e\000t\000s\000s\000a\000t\000s\000e\000n}{section.9}% 34
\BOOKMARK [1][-]{section.10}{\376\377\0001\0000\000.\000\040\000D\000u\000g\000g\000a\000\040\0002\0000\0002\0001\000-\0000\0004\000-\0001\0003}{}% 35
\BOOKMARK [1][-]{section.11}{\376\377\0001\0001\000.\000\040\000S\000a\000m\000m\000a\000n\000f\000a\000t\000t\000n\000i\000n\000g\000\040\000-\000\040\000K\000a\000p\000i\000t\000e\000l\000\040\0002\000-\0005}{}% 36
\BOOKMARK [2][-]{subsection.11.1}{\376\377\0001\0001\000.\0001\000.\000\040\000K\000a\000p\000i\000t\000e\000l\000\040\0002}{section.11}% 37
\BOOKMARK [2][-]{subsection.11.2}{\376\377\0001\0001\000.\0002\000.\000\040\000K\000a\000p\000i\000t\000e\000l\000\040\0003\000\040\000-\000\040\000S\000e\000m\000a\000n\000t\000i\000k}{section.11}% 38
\BOOKMARK [1][-]{section.12}{\376\377\0001\0002\000.\000\040\000P\000r\000e\000d\000i\000k\000a\000t\000l\000o\000g\000i\000k\000\040\000-\000\040\000F\000\366\000r\000s\000t\000a\000\040\000o\000r\000d\000n\000i\000n\000g\000e\000n\000s\000\040\000l\000o\000g\000i\000k}{}% 39
\BOOKMARK [2][-]{subsection.12.1}{\376\377\0001\0002\000.\0001\000.\000\040\000R\000e\000l\000a\000t\000i\000o\000n\000e\000r}{section.12}% 40
\BOOKMARK [2][-]{subsection.12.2}{\376\377\0001\0002\000.\0002\000.\000\040\000F\000u\000n\000k\000t\000i\000o\000n\000e\000r}{section.12}% 41
\BOOKMARK [2][-]{subsection.12.3}{\376\377\0001\0002\000.\0003\000.\000\040\000S\000t\000r\000u\000k\000t\000u\000r\000e\000r}{section.12}% 42
\BOOKMARK [2][-]{subsection.12.4}{\376\377\0001\0002\000.\0004\000.\000\040\000S\000p\000r\000\345\000k\000\040\000f\000\366\000r\000\040\000p\000r\000e\000d\000i\000k\000a\000t\000l\000o\000g\000i\000k\000\040\000\050\0001\000:\000a\000\040\000o\000r\000d\000n\000i\000n\000g\000e\000n\000s\000\040\000l\000o\000g\000i\000k\000\051}{section.12}% 43
\BOOKMARK [1][-]{section.13}{\376\377\0001\0003\000.\000\040\000P\000r\000e\000d\000i\000k\000a\000t\000l\000o\000g\000i\000k\000\040\000-\000\040\000F\000o\000r\000t\000s\000.}{}% 44
\BOOKMARK [2][-]{subsection.13.1}{\376\377\0001\0003\000.\0001\000.\000\040\000F\000r\000i\000a\000\040\000o\000c\000h\000\040\000b\000u\000n\000d\000n\000a\000\040\000f\000\366\000r\000e\000k\000o\000m\000s\000t\000e\000r\000\040\000a\000v\000\040\000v\000a\000r\000i\000a\000b\000l\000e\000r}{section.13}% 45
\BOOKMARK [2][-]{subsection.13.2}{\376\377\0001\0003\000.\0002\000.\000\040\000V\000a\000r\000i\000a\000b\000e\000l\000s\000u\000b\000s\000t\000i\000t\000u\000t\000i\000o\000n}{section.13}% 46
\BOOKMARK [1][-]{section.14}{\376\377\0001\0004\000.\000\040\000S\000e\000m\000a\000n\000t\000i\000k\000\040\000f\000\366\000r\000\040\0001\000:\000a\000\040\000o\000r\000d\000n\000i\000n\000g\000e\000n\000s\000\040\000l\000o\000g\000i\000k}{}% 47
\BOOKMARK [2][-]{subsection.14.1}{\376\377\0001\0004\000.\0001\000.\000\040\000T\000o\000l\000k\000n\000i\000n\000g\000\040\000a\000v\000\040\000s\000l\000u\000t\000n\000a\000\040\000t\000e\000r\000m\000e\000r\000\040\000i\000\040\000\reserved@b \000A}{section.14}% 48
\BOOKMARK [2][-]{subsection.14.2}{\376\377\0001\0004\000.\0002\000.\000\040\000T\000o\000l\000k\000n\000i\000n\000g\000\040\000a\000v\000\040\000s\000l\000u\000t\000n\000a\000\040\000f\000o\000r\000m\000l\000e\000r}{section.14}% 49
\BOOKMARK [1][-]{section.15}{\376\377\0001\0005\000.\000\040\000F\000\366\000r\000e\000l\000\344\000s\000n\000i\000n\000g\000\040\000-\000\040}{}% 50
\BOOKMARK [2][-]{subsection.15.1}{\376\377\0001\0005\000.\0001\000.\000\040\000L\000o\000g\000i\000s\000k\000\040\000k\000o\000n\000s\000e\000k\000v\000e\000n\000s}{section.15}% 51
\BOOKMARK [1][-]{section.16}{\376\377\0001\0006\000.\000\040\0001\000:\000a\000\040\000o\000r\000d\000n\000i\000n\000g\000e\000n\000\040\000s\000e\000m\000a\000n\000t\000i\000k\000\040\000o\000c\000h\000\040\000N\000a\000t\000u\000r\000l\000i\000g\000\040\000d\000e\000d\000u\000k\000t\000i\000o\000n}{}% 52
\BOOKMARK [2][-]{subsection.16.1}{\376\377\0001\0006\000.\0001\000.\000\040\000P\000r\000e\000n\000e\000x\000\040\000N\000o\000r\000m\000a\000l\000f\000o\000r\000m}{section.16}% 53
\BOOKMARK [1][-]{section.17}{\376\377\0001\0007\000.\000\040\0001\000:\000a\000\040\000o\000r\000d\000n\000i\000n\000g\000e\000n\000s\000\040\000n\000a\000t\000u\000r\000l\000i\000g\000\040\000d\000e\000d\000u\000k\000t\000i\000o\000n}{}% 54
\BOOKMARK [1][-]{section.18}{\376\377\0001\0008\000.\000\040\000F\000u\000l\000l\000s\000t\000\344\000n\000d\000i\000g\000h\000e\000t\000\040\000i\000\040\0001\000:\000a\000\040\000o\000r\000d\000n\000i\000n\000g\000e\000n\000s\000\040\000l\000o\000g\000i\000k\000k}{}% 55
\BOOKMARK [2][-]{subsection.18.1}{\376\377\0001\0008\000.\0001\000.\000\040\000R\000e\000p\000e\000t\000i\000t\000i\000o\000n\000\040\000f\000r\000\345\000n\000\040\000s\000a\000t\000s\000l\000o\000g\000i\000k\000e\000n}{section.18}% 56
\BOOKMARK [2][-]{subsection.18.2}{\376\377\0001\0008\000.\0002\000.\000\040\000S\000u\000n\000d\000h\000e\000t\000s\000s\000a\000t\000s\000e\000n}{section.18}% 57
\BOOKMARK [2][-]{subsection.18.3}{\376\377\0001\0008\000.\0003\000.\000\040\000A\000d\000e\000k\000v\000a\000t\000h\000e\000t\000s\000s\000a\000t\000s\000e\000n}{section.18}% 58
