\BOOKMARK [1][-]{section.1}{\376\377\0001\000.\000\040\000R\000e\000p\000e\000t\000i\000t\000i\000o\000n\000\040\000-\000\040\000\050\000K\0002\000.\0001\000\051}{}% 1
\BOOKMARK [2][-]{subsection.1.1}{\376\377\0001\000.\0001\000.\000\040\000M\000\344\000n\000g\000d\000l\000\344\000r\000a}{section.1}% 2
\BOOKMARK [2][-]{subsection.1.2}{\376\377\0001\000.\0002\000.\000\040\000B\000e\000g\000r\000e\000p\000p}{section.1}% 3
\BOOKMARK [1][-]{section.2}{\376\377\0002\000.\000\040\000R\000e\000g\000l\000e\000r\000\040\000f\000\366\000r\000\040\000s\000a\000n\000n\000o\000l\000i\000k\000h\000e\000t\000e\000r\000\040\000-\000\040\000\050\000K\0002\000.\0002\000\051}{}% 4
\BOOKMARK [2][-]{subsection.2.1}{\376\377\0002\000.\0001\000.\000\040\000K\000o\000l\000m\000o\000g\000o\000r\000o\000v\000s\000\040\000A\000x\000i\000o\000m}{section.2}% 5
\BOOKMARK [2][-]{subsection.2.2}{\376\377\0002\000.\0002\000.\000\040\000A\000c}{section.2}% 6
\BOOKMARK [2][-]{subsection.2.3}{\376\377\0002\000.\0003\000.\000\040\000B\000-\000A}{section.2}% 7
\BOOKMARK [1][-]{section.3}{\376\377\0003\000.\000\040\000T\000o\000l\000k\000n\000i\000n\000g\000\040\000a\000v\000\040\000s\000a\000n\000n\000o\000l\000i\000k\000h\000e\000t\000e\000r}{}% 8
\BOOKMARK [2][-]{subsection.3.1}{\376\377\0003\000.\0001\000.\000\040\000S\000a\000n\000n\000o\000l\000i\000k\000h\000e\000t\000s\000m\000\345\000t\000t\000e\000t\000\040\000P}{section.3}% 9
\BOOKMARK [1][-]{section.4}{\376\377\0004\000.\000\040\000B\000e\000t\000i\000n\000g\000a\000d\000e\000\040\000s\000a\000n\000n\000o\000l\000i\000k\000h\000e\000t\000e\000n\000\040\000P\000\050\000A\000|\000B\000\051}{}% 10
\BOOKMARK [2][-]{subsection.4.1}{\376\377\0004\000.\0001\000.\000\040\000O\000b\000e\000r\000o\000e\000n\000d\000e\000\040\000u\000t\000s\000a\000g\000o\000r}{section.4}% 11
\BOOKMARK [1][-]{section.5}{\376\377\0005\000.\000\040\000S\000a\000m\000m\000a\000n\000f\000a\000t\000t\000n\000i\000n\000g\000\040\000K\0002}{}% 12
\BOOKMARK [2][-]{subsection.5.1}{\376\377\0005\000.\0001\000.\000\040\000K\000o\000m\000p\000l\000e\000m\000e\000n\000t\000\040\000o\000c\000h\000\040\000a\000d\000d\000i\000t\000i\000o\000n\000s\000s\000a\000t\000s\000e\000n}{section.5}% 13
\BOOKMARK [2][-]{subsection.5.2}{\376\377\0005\000.\0002\000.\000\040\000S\000a\000n\000n\000o\000l\000i\000k\000h\000e\000t\000\040\000p\000\345\000\040\000u\000t\000f\000a\000l\000l\000s\000r\000u\000m}{section.5}% 14
\BOOKMARK [2][-]{subsection.5.3}{\376\377\0005\000.\0003\000.\000\040\000B\000e\000t\000i\000n\000g\000n\000i\000n\000g}{section.5}% 15
\BOOKMARK [2][-]{subsection.5.4}{\376\377\0005\000.\0004\000.\000\040\000O\000b\000e\000r\000o\000e\000n\000d\000e}{section.5}% 16
\BOOKMARK [2][-]{subsection.5.5}{\376\377\0005\000.\0005\000.\000\040\000L\000a\000g\000e\000n\000\040\000o\000m\000\040\000t\000o\000t\000a\000l\000\040\000s\000a\000n\000n\000o\000l\000i\000k\000h\000e\000t}{section.5}% 17
\BOOKMARK [1][-]{section.6}{\376\377\0006\000.\000\040\000S\000l\000u\000m\000p\000v\000a\000r\000i\000a\000b\000l\000e\000r}{}% 18
\BOOKMARK [2][-]{subsection.6.1}{\376\377\0006\000.\0001\000.\000\040\000V\000i\000k\000t\000i\000g\000a\000\040\000s\000l\000u\000m\000p\000v\000a\000r\000i\000a\000b\000l\000e\000r}{section.6}% 19
\BOOKMARK [1][-]{section.7}{\376\377\0007\000.\000\040\000S\000a\000m\000m\000a\000n\000f\000a\000t\000t\000n\000i\000n\000g\000\040\000K\0003}{}% 20
\BOOKMARK [2][-]{subsection.7.1}{\376\377\0007\000.\0001\000.\000\040\000D\000e\000f\000i\000n\000i\000t\000i\000o\000n\000\040\000a\000v\000\040\000S\000l\000u\000m\000p\000v\000a\000r\000i\000a\000b\000e\000l}{section.7}% 21
\BOOKMARK [2][-]{subsection.7.2}{\376\377\0007\000.\0002\000.\000\040\000F\000\366\000r\000d\000e\000l\000n\000i\000n\000g\000s\000f\000u\000n\000k\000t\000i\000o\000n\000e\000r}{section.7}% 22
\BOOKMARK [1][-]{section.8}{\376\377\0008\000.\000\040\000M\000e\000d\000e\000l\000v\000\344\000r\000d\000e}{}% 23
\BOOKMARK [2][-]{subsection.8.1}{\376\377\0008\000.\0001\000.\000\040\000E\000g\000e\000n\000s\000k\000a\000p\000e\000r\000\040\000f\000\366\000r\000\040\000v\000\344\000n\000t\000e\000v\000\344\000r\000d\000e\000n}{section.8}% 24
\BOOKMARK [2][-]{subsection.8.2}{\376\377\0008\000.\0002\000.\000\040\000K\000o\000v\000a\000r\000i\000a\000n\000s}{section.8}% 25
\BOOKMARK [2][-]{subsection.8.3}{\376\377\0008\000.\0003\000.\000\040\000M\000e\000r\000\040\000o\000m\000\040\000k\000o\000n\000t\000i\000n\000u\000e\000r\000l\000i\000g\000a\000\040\000s\000a\000n\000n\000o\000l\000i\000k\000e\000t\000s\000r\000u\000m}{section.8}% 26
\BOOKMARK [1][-]{section.9}{\376\377\0009\000.\000\040\000L\000e\000k\000t\000i\000o\000n\000\040\0002\0001\000/\0009}{}% 27
\BOOKMARK [1][-]{section.10}{\376\377\0001\0000\000.\000\040\000K\000o\000r\000t\000\040\000i\000n\000t\000r\000o\000d\000u\000k\000t\000i\000o\000n\000\040\000t\000i\000l\000l\000\040\000m\000\345\000t\000t\000e\000o\000r\000i}{}% 28
\BOOKMARK [2][-]{subsection.10.1}{\376\377\0001\0000\000.\0001\000.\000\040\000M\000i\000n\000n\000e\000s\000l\000\366\000s\000a\000\040\000d\000i\000s\000k\000r\000e\000t\000a\000\040\000v\000a\000r\000i\000a\000b\000l\000e\000r}{section.10}% 29
