\BOOKMARK [1][-]{section.1}{\376\377\0001\000.\000\040\000-\000a\000l\000g\000e\000b\000r\000a\000s\000\040\000\046\000\040\000M\000e\000a\000s\000u\000r\000e\000\040\000s\000p\000a\000c\000e\000s}{}% 1
\BOOKMARK [2][-]{subsection.1.1}{\376\377\0001\000.\0001\000.\000\040\000-\000a\000l\000g\000e\000b\000r\000a\000s}{section.1}% 2
\BOOKMARK [2][-]{subsection.1.2}{\376\377\0001\000.\0002\000.\000\040\000M\000e\000a\000s\000u\000r\000e\000s}{section.1}% 3
\BOOKMARK [2][-]{subsection.1.3}{\376\377\0001\000.\0003\000.\000\040\000M\000e\000a\000s\000u\000r\000e\000\040\000s\000p\000a\000c\000e\000s}{section.1}% 4
\BOOKMARK [2][-]{subsection.1.4}{\376\377\0001\000.\0004\000.\000\040\000P\000r\000o\000p\000e\000r\000t\000i\000e\000s\000\040\000o\000f\000\040\000m\000e\000a\000s\000u\000r\000e\000s}{section.1}% 5
\BOOKMARK [2][-]{subsection.1.5}{\376\377\0001\000.\0005\000.\000\040\000M\000o\000n\000o\000t\000i\000c\000i\000t\000y\000\040\000o\000f\000\040\000m\000e\000a\000s\000u\000r\000e}{section.1}% 6
\BOOKMARK [2][-]{subsection.1.6}{\376\377\0001\000.\0006\000.\000\040\000G\000e\000n\000e\000r\000a\000t\000e\000d\000\040\000-\000a\000l\000g\000e\000b\000r\000a\000s}{section.1}% 7
\BOOKMARK [1][-]{section.2}{\376\377\0002\000.\000\040\000P\000r\000o\000b\000a\000b\000i\000l\000i\000t\000y\000\040\000S\000p\000a\000c\000e\000s}{}% 8
\BOOKMARK [2][-]{subsection.2.1}{\376\377\0002\000.\0001\000.\000\040\000A\000l\000m\000o\000s\000t\000\040\000s\000u\000r\000e\000\040\000e\000v\000e\000n\000t\000s}{section.2}% 9
\BOOKMARK [2][-]{subsection.2.2}{\376\377\0002\000.\0002\000.\000\040\000L\000i\000m\000i\000n\000f\000\040\000a\000n\000d\000\040\000l\000i\000m\000s\000u\000p}{section.2}% 10
\BOOKMARK [1][-]{section.3}{\376\377\0003\000.\000\040\000R\000a\000n\000d\000o\000m\000\040\000V\000a\000r\000i\000a\000b\000l\000e\000s}{}% 11
\BOOKMARK [1][-]{section.4}{\376\377\0004\000.\000\040\000L\000a\000w\000s\000\040\000\046\000\040\000D\000i\000s\000t\000r\000i\000b\000u\000t\000i\000o\000n\000\040\000f\000u\000n\000c\000t\000i\000o\000n\000s}{}% 12
\BOOKMARK [2][-]{subsection.4.1}{\376\377\0004\000.\0001\000.\000\040\000P\000r\000o\000p\000e\000r\000t\000i\000e\000s\000\040\000o\000f\000\040\000d\000i\000s\000t\000r\000i\000b\000u\000t\000i\000o\000n\000\040\000f\000u\000n\000c\000t\000i\000o\000n\000s}{section.4}% 13
\BOOKMARK [1][-]{section.5}{\376\377\0005\000.\000\040\000I\000n\000d\000e\000p\000e\000n\000d\000e\000n\000c\000e}{}% 14
\BOOKMARK [1][-]{section.6}{\376\377\0006\000.\000\040\000I\000n\000t\000e\000g\000r\000a\000t\000i\000o\000n}{}% 15
\BOOKMARK [2][-]{subsection.6.1}{\376\377\0006\000.\0001\000.\000\040\000P\000r\000o\000p\000e\000r\000t\000i\000e\000s\000\040\000o\000f\000\040\000t\000h\000e\000\040\000i\000n\000t\000e\000g\000r\000a\000l}{section.6}% 16
\BOOKMARK [2][-]{subsection.6.2}{\376\377\0006\000.\0002\000.\000\040\000M\000o\000d\000i\000f\000y\000i\000n\000g\000\040\000M\000e\000a\000s\000u\000r\000e\000s}{section.6}% 17
\BOOKMARK [1][-]{section.7}{\376\377\0007\000.\000\040\000E\000x\000p\000e\000c\000t\000a\000t\000i\000o\000n\000s}{}% 18
\BOOKMARK [2][-]{subsection.7.1}{\376\377\0007\000.\0001\000.\000\040\000J\000e\000n\000s\000e\000n\000s\000\040\000i\000n\000e\000q\000u\000a\000l\000i\000t\000y}{section.7}% 19
\BOOKMARK [2][-]{subsection.7.2}{\376\377\0007\000.\0002\000.\000\040\000L\000p\000-\000n\000o\000r\000m\000s}{section.7}% 20
\BOOKMARK [1][-]{section.8}{\376\377\0008\000.\000\040\000D\000e\000n\000s\000i\000t\000i\000e\000s}{}% 21
\BOOKMARK [1][-]{section.9}{\376\377\0009\000.\000\040\000C\000o\000n\000d\000i\000t\000i\000o\000n\000a\000l\000\040\000E\000x\000p\000e\000c\000t\000a\000t\000i\000o\000n\000s}{}% 22
\BOOKMARK [2][-]{subsection.9.1}{\376\377\0009\000.\0001\000.\000\040\000C\000o\000n\000d\000i\000t\000i\000o\000n\000a\000l\000\040\000e\000x\000p\000e\000c\000a\000t\000i\000o\000n\000s\000\040\000w\000i\000t\000h\000\040\000r\000e\000s\000p\000e\000c\000t\000\040\000t\000o\000\040\000-\000a\000l\000g\000e\000b\000r\000a\000s}{section.9}% 23
\BOOKMARK [1][-]{section.10}{\376\377\0001\0000\000.\000\040\000P\000r\000o\000d\000u\000c\000t\000\040\000M\000e\000a\000s\000u\000r\000e\000s\000\040\000\046\000\040\000P\000r\000o\000d\000u\000c\000t\000\040\000S\000p\000a\000c\000e\000s}{}% 24
\BOOKMARK [2][-]{subsection.10.1}{\376\377\0001\0000\000.\0001\000.\000\040\000P\000r\000o\000d\000u\000c\000t\000\040\000-\000a\000l\000g\000e\000b\000r\000a}{section.10}% 25
\BOOKMARK [2][-]{subsection.10.2}{\376\377\0001\0000\000.\0002\000.\000\040\000P\000r\000o\000d\000u\000c\000t\000\040\000M\000e\000a\000s\000u\000r\000e\000s}{section.10}% 26
\BOOKMARK [2][-]{subsection.10.3}{\376\377\0001\0000\000.\0003\000.\000\040\000A\000p\000p\000l\000i\000c\000a\000t\000i\000o\000n}{section.10}% 27
\BOOKMARK [2][-]{subsection.10.4}{\376\377\0001\0000\000.\0004\000.\000\040\000I\000n\000d\000e\000p\000e\000n\000d\000e\000n\000t\000\040\000r\000a\000n\000d\000o\000m\000\040\000v\000a\000r\000i\000a\000b\000l\000e\000s}{section.10}% 28
\BOOKMARK [1][-]{section.11}{\376\377\0001\0001\000.\000\040\000M\000a\000r\000t\000i\000n\000g\000a\000l\000e\000s}{}% 29
\BOOKMARK [2][-]{subsection.11.1}{\376\377\0001\0001\000.\0001\000.\000\040\000S\000t\000o\000c\000h\000a\000s\000t\000i\000c\000\040\000P\000r\000o\000c\000e\000s\000s}{section.11}% 30
\BOOKMARK [1][-]{section.12}{\376\377\0001\0002\000.\000\040\000S\000t\000o\000p\000p\000i\000n\000g\000\040\000t\000i\000m\000e\000s}{}% 31
\BOOKMARK [1][-]{section.13}{\376\377\0001\0003\000.\000\040\000S\000t\000o\000p\000p\000e\000d\000\040\000P\000r\000o\000c\000e\000s\000s\000e\000s}{}% 32
\BOOKMARK [1][-]{section.14}{\376\377\0001\0004\000.\000\040\000T\000h\000e\000\040\000C\000o\000n\000v\000e\000r\000g\000e\000n\000c\000e\000\040\000T\000h\000e\000o\000r\000e\000m}{}% 33
\BOOKMARK [2][-]{subsection.14.1}{\376\377\0001\0004\000.\0001\000.\000\040\000U\000p\000c\000r\000o\000s\000s\000i\000n\000g\000s}{section.14}% 34
\BOOKMARK [1][-]{section.15}{\376\377\0001\0005\000.\000\040\000L\0002\000-\000M\000a\000r\000t\000i\000n\000g\000a\000l\000e\000s}{}% 35
\BOOKMARK [2][-]{subsection.15.1}{\376\377\0001\0005\000.\0001\000.\000\040\000S\000t\000r\000o\000n\000g\000\040\000l\000a\000w\000\040\000o\000f\000\040\000l\000a\000r\000g\000e\000\040\000n\000u\000m\000b\000e\000r\000s\000\040\000f\000o\000r\000\040\000L\0002\000\040\000r\000a\000n\000d\000o\000m\000\040\000v\000a\000r\000i\000a\000b\000l\000e\000s}{section.15}% 36
\BOOKMARK [2][-]{subsection.15.2}{\376\377\0001\0005\000.\0002\000.\000\040\000D\000o\000o\000b\000\040\000D\000e\000c\000o\000m\000p\000o\000s\000i\000t\000i\000o\000n}{section.15}% 37
\BOOKMARK [1][-]{section.16}{\376\377\0001\0006\000.\000\040\000U\000n\000i\000f\000o\000r\000m\000\040\000I\000n\000t\000e\000g\000r\000a\000b\000i\000l\000i\000t\000y}{}% 38
\BOOKMARK [2][-]{subsection.16.1}{\376\377\0001\0006\000.\0001\000.\000\040\000U\000n\000i\000f\000o\000r\000m\000l\000y\000\040\000I\000n\000t\000e\000g\000r\000a\000b\000l\000e\000\040\000M\000a\000r\000t\000i\000n\000g\000a\000l\000e\000s}{section.16}% 39
\BOOKMARK [2][-]{subsection.16.2}{\376\377\0001\0006\000.\0002\000.\000\040\000D\000o\000o\000b\000s\000\040\000s\000u\000b\000m\000a\000r\000t\000i\000n\000g\000a\000l\000e\000\040\000i\000n\000e\000q\000u\000a\000l\000i\000t\000y}{section.16}% 40
\BOOKMARK [1][-]{section.17}{\376\377\0001\0007\000.\000\040\000P\000r\000i\000c\000i\000n\000g\000\040\000\046\000\040\000A\000r\000b\000i\000t\000r\000a\000g\000e}{}% 41
\BOOKMARK [2][-]{subsection.17.1}{\376\377\0001\0007\000.\0001\000.\000\040\000B\000i\000n\000o\000m\000i\000a\000l\000\040\000M\000o\000d\000e\000l}{section.17}% 42
\BOOKMARK [2][-]{subsection.17.2}{\376\377\0001\0007\000.\0002\000.\000\040\000S\000o\000m\000e\000\040\000G\000e\000n\000e\000r\000a\000l\000\040\000B\000o\000u\000n\000d\000s}{section.17}% 43
\BOOKMARK [2][-]{subsection.17.3}{\376\377\0001\0007\000.\0003\000.\000\040\000G\000e\000n\000e\000r\000a\000l\000\040\000D\000i\000s\000c\000r\000e\000t\000e\000\040\000M\000o\000d\000e\000l\000s}{section.17}% 44
\BOOKMARK [2][-]{subsection.17.4}{\376\377\0001\0007\000.\0004\000.\000\040\000T\000r\000a\000d\000i\000n\000g\000\040\000S\000t\000r\000a\000t\000e\000g\000i\000e\000s}{section.17}% 45
