\BOOKMARK [1][-]{section.1}{\376\377\0001\000.\000\040\000I\000n\000t\000r\000o}{}% 1
\BOOKMARK [2][-]{subsection.1.1}{\376\377\0001\000.\0001\000.\000\040\000O\000p\000e\000r\000a\000t\000i\000o\000n\000s\000\040\000o\000v\000e\000r\000\040\000C}{section.1}% 2
\BOOKMARK [2][-]{subsection.1.2}{\376\377\0001\000.\0002\000.\000\040\000C\000a\000r\000t\000e\000s\000i\000a\000n\000\040\000r\000e\000p\000r\000e\000s\000e\000n\000t\000a\000t\000i\000o\000n}{section.1}% 3
\BOOKMARK [2][-]{subsection.1.3}{\376\377\0001\000.\0003\000.\000\040\000P\000o\000l\000a\000r\000\040\000f\000o\000r\000m}{section.1}% 4
\BOOKMARK [2][-]{subsection.1.4}{\376\377\0001\000.\0004\000.\000\040\000E\000x\000p\000o\000n\000e\000n\000t\000i\000a\000l\000\040\000f\000o\000r\000m}{section.1}% 5
\BOOKMARK [2][-]{subsection.1.5}{\376\377\0001\000.\0005\000.\000\040\000L\000o\000g\000a\000r\000i\000t\000h\000m\000i\000c\000\040\000f\000o\000r\000m}{section.1}% 6
\BOOKMARK [1][-]{section.2}{\376\377\0002\000.\000\040\000E\000l\000e\000m\000e\000n\000t\000a\000r\000y\000\040\000c\000o\000m\000p\000l\000e\000x\000\040\000f\000u\000n\000c\000t\000i\000o\000n\000s}{}% 7
\BOOKMARK [2][-]{subsection.2.1}{\376\377\0002\000.\0001\000.\000\040\000B\000r\000a\000n\000c\000h\000e\000s\000\040\000o\000f\000\040\000t\000h\000e\000\040\000c\000o\000m\000p\000l\000e\000x\000\040\000l\000o\000g\000a\000r\000i\000t\000h\000m}{section.2}% 8
\BOOKMARK [2][-]{subsection.2.2}{\376\377\0002\000.\0002\000.\000\040\000C\000o\000m\000p\000l\000e\000x\000\040\000m\000a\000p\000p\000i\000n\000g\000s}{section.2}% 9
\BOOKMARK [2][-]{subsection.2.3}{\376\377\0002\000.\0003\000.\000\040\000C\000o\000m\000p\000l\000e\000x\000\040\000p\000o\000w\000e\000r\000s}{section.2}% 10
\BOOKMARK [2][-]{subsection.2.4}{\376\377\0002\000.\0004\000.\000\040\000T\000r\000i\000g\000o\000n\000o\000m\000e\000t\000r\000i\000c\000\040\000a\000n\000d\000\040\000H\000y\000p\000e\000r\000b\000o\000l\000i\000c\000\040\000f\000u\000n\000c\000t\000i\000o\000n\000s}{section.2}% 11
\BOOKMARK [2][-]{subsection.2.5}{\376\377\0002\000.\0005\000.\000\040\000M\000a\000p\000p\000i\000n\000g\000\040\000p\000r\000o\000p\000e\000r\000t\000i\000e\000s\000\040\000o\000f\000\040\000\050\000z\000\051}{section.2}% 12
\BOOKMARK [1][-]{section.3}{\376\377\0003\000.\000\040\000T\000o\000p\000o\000l\000o\000g\000y\000\040\000o\000f\000\040\000C}{}% 13
\BOOKMARK [2][-]{subsection.3.1}{\376\377\0003\000.\0001\000.\000\040\000L\000i\000m\000i\000t\000s\000\040\000a\000n\000d\000\040\000C\000o\000n\000t\000i\000n\000u\000i\000t\000y}{section.3}% 14
\BOOKMARK [2][-]{subsection.3.2}{\376\377\0003\000.\0002\000.\000\040\000T\000h\000e\000\040\000c\000o\000m\000p\000l\000e\000x\000\040\000d\000e\000r\000i\000v\000a\000t\000i\000v\000e}{section.3}% 15
\BOOKMARK [2][-]{subsection.3.3}{\376\377\0003\000.\0003\000.\000\040\000A\000n\000a\000l\000y\000t\000i\000c\000\040\000f\000u\000n\000c\000t\000i\000o\000n\000s}{section.3}% 16
\BOOKMARK [1][-]{section.4}{\376\377\0004\000.\000\040\000C\000a\000u\000c\000h\000y\000-\000R\000i\000e\000m\000a\000n\000n\000'\000s\000\040\000e\000q\000u\000a\000t\000i\000o\000n\000s}{}% 17
\BOOKMARK [2][-]{subsection.4.1}{\376\377\0004\000.\0001\000.\000\040\000I\000n\000v\000e\000r\000s\000e\000\040\000m\000a\000p\000p\000i\000n\000g\000s}{section.4}% 18
\BOOKMARK [1][-]{section.5}{\376\377\0005\000.\000\040\000H\000a\000r\000m\000o\000n\000i\000c\000\040\000F\000u\000n\000c\000t\000i\000o\000n\000s}{}% 19
\BOOKMARK [1][-]{section.6}{\376\377\0006\000.\000\040\000C\000o\000n\000f\000o\000r\000m\000a\000l\000\040\000m\000a\000p\000p\000i\000n\000g\000s}{}% 20
\BOOKMARK [1][-]{section.7}{\376\377\0007\000.\000\040\000S\000t\000e\000r\000e\000o\000g\000r\000a\000p\000h\000i\000c\000\040\000p\000r\000o\000j\000e\000c\000t\000i\000o\000n}{}% 21
\BOOKMARK [1][-]{section.8}{\376\377\0008\000.\000\040\000M\000\366\000b\000i\000u\000s\000\040\000t\000r\000a\000n\000s\000f\000o\000r\000m\000a\000t\000i\000o\000n\000s}{}% 22
\BOOKMARK [2][-]{subsection.8.1}{\376\377\0008\000.\0001\000.\000\040\000T\000h\000e\000\040\000c\000r\000o\000s\000s\000-\000r\000a\000t\000i\000o}{section.8}% 23
\BOOKMARK [2][-]{subsection.8.2}{\376\377\0008\000.\0002\000.\000\040\000S\000y\000m\000m\000e\000t\000r\000y\000-\000p\000r\000e\000s\000e\000r\000v\000i\000n\000g\000\040\000p\000r\000o\000p\000e\000r\000t\000y}{section.8}% 24
\BOOKMARK [1][-]{section.9}{\376\377\0009\000.\000\040\000D\000i\000r\000i\000c\000h\000l\000e\000t\000\040\000p\000r\000o\000b\000l\000e\000m\000s}{}% 25
\BOOKMARK [2][-]{subsection.9.1}{\376\377\0009\000.\0001\000.\000\040\000S\000t\000a\000n\000d\000a\000r\000d\000\040\000c\000a\000s\000e\000s}{section.9}% 26
\BOOKMARK [1][-]{section.10}{\376\377\0001\0000\000.\000\040\000C\000o\000m\000p\000l\000e\000x\000\040\000I\000n\000t\000e\000g\000r\000a\000t\000i\000o\000n}{}% 27
\BOOKMARK [2][-]{subsection.10.1}{\376\377\0001\0000\000.\0001\000.\000\040\000C\000o\000n\000t\000o\000u\000r\000s}{section.10}% 28
\BOOKMARK [2][-]{subsection.10.2}{\376\377\0001\0000\000.\0002\000.\000\040\000C\000o\000n\000t\000o\000u\000r\000\040\000i\000n\000t\000e\000g\000r\000a\000l\000s}{section.10}% 29
\BOOKMARK [2][-]{subsection.10.3}{\376\377\0001\0000\000.\0003\000.\000\040\000H\000o\000w\000\040\000t\000o\000\040\000c\000o\000m\000p\000u\000t\000e\000\040\000t\000h\000e\000\040\000c\000o\000n\000t\000o\000u\000r\000\040\000i\000n\000t\000e\000g\000r\000a\000l}{section.10}% 30
\BOOKMARK [1][-]{section.11}{\376\377\0001\0001\000.\000\040\000I\000n\000d\000e\000p\000e\000n\000d\000e\000n\000c\000e\000\040\000o\000f\000\040\000p\000a\000t\000h\000s\000\040\000\046\000\040\000C\000a\000u\000c\000h\000y\000'\000s\000\040\000i\000n\000t\000e\000g\000r\000a\000l\000\040\000t\000h\000e\000o\000r\000e\000m}{}% 31
\BOOKMARK [2][-]{subsection.11.1}{\376\377\0001\0001\000.\0001\000.\000\040\000I\000n\000d\000e\000p\000e\000n\000d\000e\000n\000c\000e\000\040\000o\000f\000\040\000p\000a\000t\000h\000s}{section.11}% 32
\BOOKMARK [2][-]{subsection.11.2}{\376\377\0001\0001\000.\0002\000.\000\040\000C\000a\000u\000c\000h\000y\000'\000s\000\040\000i\000n\000t\000e\000g\000r\000a\000l\000\040\000t\000h\000e\000o\000r\000e\000m}{section.11}% 33
\BOOKMARK [1][-]{section.12}{\376\377\0001\0002\000.\000\040\000G\000o\000u\000r\000s\000a\000t\000'\000s\000\040\000a\000r\000g\000u\000m\000e\000n\000t}{}% 34
\BOOKMARK [1][-]{section.13}{\376\377\0001\0003\000.\000\040\000H\000o\000m\000o\000t\000o\000p\000y}{}% 35
\BOOKMARK [1][-]{section.14}{\376\377\0001\0004\000.\000\040\000C\000a\000u\000c\000h\000y\000s\000\040\000i\000n\000t\000e\000g\000r\000a\000l\000\040\000f\000o\000r\000m\000u\000l\000a\000\040\000\046\000\040\000a\000p\000p\000l\000i\000c\000a\000t\000i\000o\000n}{}% 36
\BOOKMARK [2][-]{subsection.14.1}{\376\377\0001\0004\000.\0001\000.\000\040\000C\000o\000n\000s\000e\000q\000u\000e\000n\000c\000e\000s\000\040\000o\000f\000\040\000C\000a\000u\000c\000h\000y\000s\000\040\000g\000e\000n\000e\000r\000a\000l\000i\000s\000e\000d\000\040\000i\000n\000t\000e\000g\000r\000a\000l\000\040\000f\000o\000r\000m\000u\000l\000a}{section.14}% 37
\BOOKMARK [1][-]{section.15}{\376\377\0001\0005\000.\000\040\000A\000p\000p\000l\000i\000c\000a\000t\000i\000o\000n\000s\000\040\000t\000o\000\040\000h\000a\000r\000m\000o\000n\000i\000c\000\040\000f\000u\000n\000c\000t\000i\000o\000n\000s}{}% 38
\BOOKMARK [2][-]{subsection.15.1}{\376\377\0001\0005\000.\0001\000.\000\040\000T\000h\000e\000\040\000m\000e\000a\000n\000-\000v\000a\000l\000u\000e\000\040\000p\000r\000o\000p\000e\000r\000t\000y}{section.15}% 39
\BOOKMARK [2][-]{subsection.15.2}{\376\377\0001\0005\000.\0002\000.\000\040\000A\000p\000p\000l\000i\000c\000a\000t\000i\000o\000n\000s\000\040\000t\000o\000\040\000h\000a\000r\000m\000o\000n\000i\000c\000\040\000f\000u\000n\000c\000t\000i\000o\000n\000s}{section.15}% 40
\BOOKMARK [1][-]{section.16}{\376\377\0001\0006\000.\000\040\000S\000e\000q\000u\000e\000n\000c\000e\000s\000\040\000a\000n\000d\000\040\000s\000e\000r\000i\000e\000s\000\040\000o\000f\000\040\000f\000u\000n\000c\000t\000i\000o\000n\000s\000\040\000\046\000\040\000U\000n\000i\000f\000o\000r\000m\000\040\000c\000o\000n\000v\000e\000r\000g\000e\000n\000c\000e}{}% 41
\BOOKMARK [1][-]{section.17}{\376\377\0001\0007\000.\000\040\000P\000o\000w\000e\000r\000\040\000s\000e\000r\000i\000e\000s\000\040\000a\000n\000d\000\040\000T\000a\000y\000l\000o\000r\000\040\000s\000e\000r\000i\000e\000s}{}% 42
\BOOKMARK [2][-]{subsection.17.1}{\376\377\0001\0007\000.\0001\000.\000\040\000P\000o\000w\000e\000r\000\040\000s\000e\000r\000i\000e\000s}{section.17}% 43
\BOOKMARK [2][-]{subsection.17.2}{\376\377\0001\0007\000.\0002\000.\000\040\000T\000a\000y\000l\000o\000r\000\040\000S\000e\000r\000i\000e\000s}{section.17}% 44
\BOOKMARK [1][-]{section.18}{\376\377\0001\0008\000.\000\040\000A\000p\000p\000l\000i\000c\000a\000t\000i\000o\000n\000s}{}% 45
\BOOKMARK [2][-]{subsection.18.1}{\376\377\0001\0008\000.\0001\000.\000\040\000F\000i\000n\000d\000i\000n\000g\000\040\000c\000o\000n\000f\000o\000r\000m\000a\000l\000\040\000m\000a\000p\000p\000i\000n\000g\000s}{section.18}% 46
