\BOOKMARK [1][-]{section.1}{\376\377\0001\000.\000\040\000I\000n\000t\000e\000r\000p\000o\000l\000a\000t\000i\000o\000n}{}% 1
\BOOKMARK [2][-]{subsection.1.1}{\376\377\0001\000.\0001\000.\000\040\000I\000n\000t\000e\000r\000p\000o\000l\000a\000t\000i\000o\000n\000\040\000m\000e\000d\000\040\000p\000o\000l\000y\000n\000o\000m}{section.1}% 2
\BOOKMARK [2][-]{subsection.1.2}{\376\377\0001\000.\0002\000.\000\040\000N\000u\000m\000e\000r\000i\000s\000k\000\040\000i\000n\000t\000e\000g\000r\000a\000t\000i\000o\000n}{section.1}% 3
\BOOKMARK [2][-]{subsection.1.3}{\376\377\0001\000.\0003\000.\000\040\000N\000u\000m\000e\000r\000i\000s\000k\000\040\000k\000v\000a\000d\000r\000a\000t\000u\000r}{section.1}% 4
\BOOKMARK [2][-]{subsection.1.4}{\376\377\0001\000.\0004\000.\000\040\000N\000e\000w\000t\000o\000n\000-\000C\000o\000a\000t\000e\000s\000\040\000k\000v\000a\000d\000r\000a\000t\000u\000r}{section.1}% 5
\BOOKMARK [2][-]{subsection.1.5}{\376\377\0001\000.\0005\000.\000\040\000S\000a\000m\000m\000a\000n\000s\000a\000t\000t\000a\000\040\000t\000r\000a\000p\000e\000t\000s\000r\000e\000g\000e\000l\000n}{section.1}% 6
\BOOKMARK [1][-]{section.2}{\376\377\0002\000.\000\040\000F\000\366\000r\000e\000l\000\344\000s\000n\000i\000n\000g}{}% 7
\BOOKMARK [2][-]{subsection.2.1}{\376\377\0002\000.\0001\000.\000\040\000T\000r\000a\000p\000e\000t\000s\000m\000e\000t\000o\000d\000e\000n\000\040\000i\000\040\000p\000y\000t\000h\000o\000n}{section.2}% 8
\BOOKMARK [2][-]{subsection.2.2}{\376\377\0002\000.\0002\000.\000\040\000S\000i\000m\000p\000s\000o\000n\000s\000\040\000i\000\040\000p\000y\000t\000h\000o\000n}{section.2}% 9
\BOOKMARK [2][-]{subsection.2.3}{\376\377\0002\000.\0003\000.\000\040\000O\000b\000s\000e\000r\000v\000a\000t\000i\000o\000n\000\040\000f\000r\000\345\000n\000\040\000p\000y\000t\000h\000o\000n\000e\000x\000e\000m\000p\000e\000l}{section.2}% 10
\BOOKMARK [2][-]{subsection.2.4}{\376\377\0002\000.\0004\000.\000\040\000N\000o\000g\000r\000a\000n\000n\000h\000e\000t\000s\000o\000r\000d\000n\000i\000n\000g}{section.2}% 11
\BOOKMARK [2][-]{subsection.2.5}{\376\377\0002\000.\0005\000.\000\040\000F\000e\000l\000u\000p\000p\000s\000k\000a\000t\000t\000n\000i\000n\000g}{section.2}% 12
\BOOKMARK [2][-]{subsection.2.6}{\376\377\0002\000.\0006\000.\000\040\000R\000i\000c\000h\000a\000r\000d\000s\000s\000o\000n\000-\000e\000x\000t\000r\000a\000p\000o\000l\000a\000t\000i\000o\000n}{section.2}% 13
\BOOKMARK [1][-]{section.3}{\376\377\0003\000.\000\040\000F\000\366\000r\000t\000y\000d\000l\000i\000g\000a\000n\000d\000e\000/\000F\000r\000\345\000n\000\040\000b\000o\000k\000e\000n}{}% 14
\BOOKMARK [2][-]{subsection.3.1}{\376\377\0003\000.\0001\000.\000\040\000I\000n\000t\000e\000g\000r\000a\000l\000e\000r}{section.3}% 15
\BOOKMARK [2][-]{subsection.3.2}{\376\377\0003\000.\0002\000.\000\040\000R\000i\000e\000m\000a\000n\000n\000\040\000i\000n\000t\000e\000g\000r\000a\000l\000e\000n}{section.3}% 16
\BOOKMARK [2][-]{subsection.3.3}{\376\377\0003\000.\0003\000.\000\040\000R\000e\000l\000a\000t\000i\000o\000n\000e\000n\000\040\000m\000e\000l\000l\000a\000n\000\040\000S\000i\000m\000p\000s\000o\000n\000s\000\040\000o\000c\000h\000\040\000T\000r\000a\000p\000e\000t\000s\000a\000p\000p\000r\000o\000x\000.}{section.3}% 17
\BOOKMARK [2][-]{subsection.3.4}{\376\377\0003\000.\0004\000.\000\040\000A\000n\000a\000l\000y\000t\000i\000s\000k\000t\000\040\000b\000e\000v\000i\000s\000\040\000f\000\366\000r\000\040\000f\000e\000l\000t\000e\000r\000m\000e\000n\000\040\000i\000\040\000t\000r\000a\000p\000e\000t\000s\000m\000e\000t\000o\000d\000e\000n}{section.3}% 18
\BOOKMARK [1][-]{section.4}{\376\377\0004\000.\000\040\000F\000\366\000r\000e\000l\000\344\000s\000n\000i\000n\000g}{}% 19
\BOOKMARK [2][-]{subsection.4.1}{\376\377\0004\000.\0001\000.\000\040\000N\000u\000m\000e\000r\000i\000s\000k\000\040\000i\000n\000t\000e\000g\000r\000a\000t\000i\000o\000n\000\040\000m\000e\000d\000\040\000s\000c\000i\000p\000y}{section.4}% 20
\BOOKMARK [2][-]{subsection.4.2}{\376\377\0004\000.\0002\000.\000\040\000V\000a\000d\000\040\000m\000e\000n\000a\000s\000\040\000m\000e\000d\000\040\000a\000b\000s\000o\000l\000u\000t\000\040\000r\000e\000s\000p\000.\000\040\000r\000e\000l\000a\000t\000i\000v\000t\000\040\000f\000e\000l\000?}{section.4}% 21
\BOOKMARK [2][-]{subsection.4.3}{\376\377\0004\000.\0003\000.\000\040\000F\000u\000n\000k\000t\000i\000o\000n\000s\000f\000e\000l\000e\000t}{section.4}% 22
\BOOKMARK [2][-]{subsection.4.4}{\376\377\0004\000.\0004\000.\000\040\000N\000o\000g\000r\000a\000n\000n\000h\000e\000t\000\040\000-\000\040\000S\000a\000m\000m\000a\000n\000f\000a\000t\000t\000n\000i\000n\000g}{section.4}% 23
\BOOKMARK [2][-]{subsection.4.5}{\376\377\0004\000.\0005\000.\000\040\000G\000a\000m\000m\000a\000l\000\040\000t\000e\000n\000t\000a\000u\000p\000p\000g\000i\000f\000t\000\040\000\050\0002\0000\0000\0009\000-\0001\0002\000-\0002\0001\000\051}{section.4}% 24
\BOOKMARK [1][-]{section.5}{\376\377\0005\000.\000\040\000I\000c\000k\000e\000-\000l\000i\000n\000j\000\344\000r\000a\000\040\000e\000k\000v\000a\000t\000i\000o\000n\000e\000r}{}% 25
\BOOKMARK [2][-]{subsection.5.1}{\376\377\0005\000.\0001\000.\000\040\000B\000i\000s\000e\000k\000t\000i\000o\000n\000s\000m\000e\000t\000o\000d\000e\000n\000/\000I\000n\000t\000e\000r\000v\000a\000l\000l\000h\000a\000l\000v\000e\000r\000i\000n\000g}{section.5}% 26
\BOOKMARK [2][-]{subsection.5.2}{\376\377\0005\000.\0002\000.\000\040\000N\000e\000w\000t\000o\000n\000-\000R\000a\000p\000h\000s\000o\000n}{section.5}% 27
\BOOKMARK [2][-]{subsection.5.3}{\376\377\0005\000.\0003\000.\000\040\000G\000a\000m\000m\000a\000l\000\040\000t\000e\000n\000t\000a\000t\000a\000l\000\040\000-\000\040\0002\0000\0001\0002\000-\0000\0004\000-\0001\0001}{section.5}% 28
\BOOKMARK [1][-]{section.6}{\376\377\0006\000.\000\040\000F\000o\000r\000t\000s\000.\000\040\000I\000c\000k\000e\000-\000l\000i\000n\000j\000\344\000r\000a\000\040\000e\000k\000v\000a\000t\000i\000o\000n\000e\000r}{}% 29
\BOOKMARK [2][-]{subsection.6.1}{\376\377\0006\000.\0001\000.\000\040\000K\000o\000n\000v\000e\000r\000g\000e\000n\000s\000h\000a\000s\000t\000i\000g\000h\000e\000t}{section.6}% 30
\BOOKMARK [2][-]{subsection.6.2}{\376\377\0006\000.\0002\000.\000\040\000K\000o\000n\000v\000e\000r\000g\000e\000n\000s\000\040\000i\000\040\000b\000i\000s\000e\000k\000t\000i\000o\000n\000s\000m\000e\000t\000o\000d\000e\000n}{section.6}% 31
\BOOKMARK [2][-]{subsection.6.3}{\376\377\0006\000.\0003\000.\000\040\000K\000o\000n\000v\000e\000r\000g\000e\000n\000s\000\040\000i\000\040\000N\000e\000w\000t\000o\000n\000-\000R\000a\000p\000h\000s\000o\000n}{section.6}% 32
\BOOKMARK [1][-]{section.7}{\376\377\0007\000.\000\040\000F\000\366\000r\000t\000y\000d\000l\000i\000g\000a\000n\000d\000e\000/\000F\000r\000\345\000n\000\040\000b\000o\000k\000e\000n}{}% 33
\BOOKMARK [2][-]{subsection.7.1}{\376\377\0007\000.\0001\000.\000\040\000R\000\366\000t\000t\000e\000r\000\040\000a\000v\000\040\000p\000o\000l\000y\000n\000o\000m}{section.7}% 34
\BOOKMARK [1][-]{section.8}{\376\377\0008\000.\000\040\000F\000o\000r\000t\000s\000.\000\040\000I\000c\000k\000e\000-\000l\000i\000n\000j\000\344\000r\000a\000\040\000e\000k\000v\000a\000t\000i\000o\000n\000e\000r}{}% 35
\BOOKMARK [2][-]{subsection.8.1}{\376\377\0008\000.\0001\000.\000\040\000H\000y\000b\000r\000i\000d\000-\000s\000k\000i\000s\000s\000\040\000a\000v\000\040\000N\000e\000w\000t\000o\000n\000-\000R\000a\000p\000h\000s\000o\000n\000\040\000o\000c\000h\000\040\000b\000i\000s\000e\000k\000t\000i\000o\000n\000s\000m\000e\000t\000o\000d\000e\000n}{section.8}% 36
\BOOKMARK [2][-]{subsection.8.2}{\376\377\0008\000.\0002\000.\000\040\000M\000e\000r\000\040\000o\000m\000\040\000k\000o\000n\000v\000e\000r\000g\000e\000n\000s\000o\000r\000d\000n\000i\000n\000g\000\040\000i\000\040\000p\000r\000a\000k\000t\000i\000k\000e\000n}{section.8}% 37
\BOOKMARK [2][-]{subsection.8.3}{\376\377\0008\000.\0003\000.\000\040\000S\000e\000k\000a\000n\000t\000m\000e\000t\000o\000d\000e\000n}{section.8}% 38
\BOOKMARK [1][-]{section.9}{\376\377\0009\000.\000\040\000O\000r\000d\000i\000n\000\344\000r\000a\000\040\000d\000i\000f\000f\000e\000r\000e\000n\000t\000i\000a\000l\000e\000k\000v\000a\000t\000i\000o\000n\000e\000r}{}% 39
\BOOKMARK [2][-]{subsection.9.1}{\376\377\0009\000.\0001\000.\000\040\000S\000p\000e\000c\000i\000e\000l\000l\000a\000\040\000e\000g\000e\000n\000s\000k\000a\000p\000e\000r\000\040\000f\000\366\000r\000\040\000a\000t\000t\000\040\000k\000l\000a\000s\000s\000i\000f\000i\000c\000e\000r\000a\000\040\000O\000D\000E\000:\000e\000r}{section.9}% 40
\BOOKMARK [2][-]{subsection.9.2}{\376\377\0009\000.\0002\000.\000\040\000O\000m\000s\000k\000r\000i\000v\000n\000i\000n\000g\000\040\000t\000i\000l\000l\000\040\000f\000\366\000r\000t\000a\000\040\000o\000r\000d\000n\000i\000n\000g\000e\000n\000s\000\040\000O\000D\000E}{section.9}% 41
\BOOKMARK [2][-]{subsection.9.3}{\376\377\0009\000.\0003\000.\000\040\000B\000e\000g\000y\000n\000n\000e\000l\000s\000e\000v\000\344\000r\000d\000e\000s\000p\000r\000o\000b\000l\000e\000m\000\040\000i\000\040\000S\000c\000i\000P\000y}{section.9}% 42
\BOOKMARK [2][-]{subsection.9.4}{\376\377\0009\000.\0004\000.\000\040\000E\000u\000l\000e\000r\000s\000\040\000m\000e\000t\000o\000d\000\040\000\050\000e\000x\000p\000l\000i\000c\000i\000t\000\040\000E\000u\000l\000e\000r\000\051\000\050\000E\000u\000l\000e\000r\000\040\000f\000r\000a\000m\000\345\000t\000\051}{section.9}% 43
\BOOKMARK [2][-]{subsection.9.5}{\376\377\0009\000.\0005\000.\000\040\000D\000i\000s\000k\000r\000e\000t\000i\000s\000e\000r\000i\000n\000g\000s\000f\000e\000l\000\040\000-\000\040\000E\000u\000l\000e\000r\000s\000\040\000m\000e\000t\000o\000d}{section.9}% 44
\BOOKMARK [1][-]{section.10}{\376\377\0001\0000\000.\000\040\000O\000r\000d\000i\000n\000\344\000r\000a\000\040\000D\000i\000f\000f\000e\000r\000e\000n\000t\000i\000a\000l\000e\000k\000v\000a\000t\000i\000o\000n\000e\000r\000\040\000-\000\040\000F\000o\000r\000t\000s\000.}{}% 45
\BOOKMARK [2][-]{subsection.10.1}{\376\377\0001\0000\000.\0001\000.\000\040\000E\000u\000l\000e\000r\000\040\000b\000a\000k\000\345\000t\000\040\000\050\000I\000m\000p\000l\000i\000c\000i\000t\000\040\000e\000u\000l\000e\000r\000\051}{section.10}% 46
\BOOKMARK [2][-]{subsection.10.2}{\376\377\0001\0000\000.\0002\000.\000\040\000K\000l\000a\000s\000s\000i\000f\000i\000c\000e\000r\000i\000n\000g\000\040\000a\000v\000\040\000m\000e\000t\000o\000d\000e\000r}{section.10}% 47
\BOOKMARK [2][-]{subsection.10.3}{\376\377\0001\0000\000.\0003\000.\000\040\000E\000x\000e\000m\000p\000e\000l\000\040\000p\000\345\000\040\000E\000u\000l\000e\000r\000\040\000b\000a\000k\000\345\000t\000\040\000+\000\040\000N\000e\000w\000t\000o\000n}{section.10}% 48
\BOOKMARK [2][-]{subsection.10.4}{\376\377\0001\0000\000.\0004\000.\000\040\000G\000l\000o\000b\000a\000l\000a\000\040\000t\000r\000u\000n\000k\000e\000r\000i\000n\000g\000s\000f\000e\000l\000\040\000\050\000e\000n\000s\000t\000e\000g\000s\000m\000e\000t\000o\000d\000e\000r\000\051}{section.10}% 49
\BOOKMARK [1][-]{section.11}{\376\377\0001\0001\000.\000\040\000F\000\366\000r\000e\000l\000\344\000s\000n\000i\000n\000g\000\040\000-\000\040\000D\000i\000f\000f\000e\000r\000e\000n\000t\000i\000a\000l\000e\000k\000v\000a\000t\000i\000o\000n\000e\000r}{}% 50
\BOOKMARK [2][-]{subsection.11.1}{\376\377\0001\0001\000.\0001\000.\000\040\000S\000t\000a\000b\000i\000l\000i\000t\000e\000t\000\040\000o\000c\000h\000\040\000s\000t\000y\000v\000a\000\040\000d\000i\000f\000f\000e\000r\000e\000n\000t\000i\000a\000l\000e\000k\000v\000a\000t\000i\000o\000n\000e\000r}{section.11}% 51
\BOOKMARK [2][-]{subsection.11.2}{\376\377\0001\0001\000.\0002\000.\000\040\000A\000b\000s\000o\000l\000u\000t\000s\000t\000a\000b\000i\000l\000i\000t\000e\000t}{section.11}% 52
\BOOKMARK [2][-]{subsection.11.3}{\376\377\0001\0001\000.\0003\000.\000\040\000S\000t\000y\000v\000a\000\040\000O\000D\000E\000:\000e\000r}{section.11}% 53
\BOOKMARK [1][-]{section.12}{\376\377\0001\0002\000.\000\040\000D\000a\000t\000o\000r\000a\000r\000i\000t\000m\000e\000t\000i\000k}{}% 54
\BOOKMARK [2][-]{subsection.12.1}{\376\377\0001\0002\000.\0001\000.\000\040\000H\000u\000r\000\040\000m\000\344\000t\000e\000r\000\040\000m\000a\000n\000\040\000f\000e\000l\000?}{section.12}% 55
\BOOKMARK [2][-]{subsection.12.2}{\376\377\0001\0002\000.\0002\000.\000\040\000H\000u\000r\000\040\000r\000e\000p\000r\000e\000s\000e\000n\000t\000e\000r\000a\000s\000\040\000t\000a\000l\000\040\000i\000\040\000d\000a\000t\000o\000r\000n\000?}{section.12}% 56
\BOOKMARK [2][-]{subsection.12.3}{\376\377\0001\0002\000.\0003\000.\000\040\000L\000i\000t\000e\000t\000\040\000f\000l\000y\000t\000t\000a\000l\000s\000s\000y\000s\000t\000e\000m}{section.12}% 57
\BOOKMARK [2][-]{subsection.12.4}{\376\377\0001\0002\000.\0004\000.\000\040\000M\000a\000s\000k\000i\000n\000e\000p\000s\000i\000l\000o\000n}{section.12}% 58
\BOOKMARK [1][-]{section.13}{\376\377\0001\0003\000.\000\040\000R\000e\000p\000e\000t\000i\000t\000i\000o\000n\000/\000G\000a\000m\000l\000a\000\040\000t\000e\000n\000t\000o\000r}{}% 59
\BOOKMARK [2][-]{subsection.13.1}{\376\377\0001\0003\000.\0001\000.\000\040\000O\000D\000E\000:\000e\000r}{section.13}% 60
