\BOOKMARK [1][-]{section.1}{\376\377\0001\000.\000\040\000T\000O\000D\000O}{}% 1
\BOOKMARK [1][-]{section.2}{\376\377\0002\000.\000\040\000I\000m\000p\000o\000r\000t\000a\000n\000t\000\040\000n\000o\000t\000e\000s\000\040\000f\000r\000o\000m\000\040\000t\000h\000e\000\040\000b\000o\000o\000k}{}% 2
\BOOKMARK [2][-]{subsection.2.1}{\376\377\0002\000.\0001\000.\000\040\000D\000e\000f\000i\000n\000i\000t\000i\000o\000n\000s\000/\000T\000h\000e\000o\000r\000e\000m\000s}{section.2}% 3
\BOOKMARK [2][-]{subsection.2.2}{\376\377\0002\000.\0002\000.\000\040\000P\000r\000o\000b\000l\000e\000m\000s\000\040\000a\000n\000d\000\040\000S\000o\000l\000u\000t\000i\000o\000n\000s}{section.2}% 4
\BOOKMARK [1][-]{section.3}{\376\377\0003\000.\000\040\000I\000m\000p\000o\000r\000t\000a\000n\000t\000\040\000n\000o\000t\000e\000s\000\040\000f\000r\000o\000m\000\040\000t\000h\000e\000\040\000b\000o\000o\000k}{}% 5
\BOOKMARK [2][-]{subsection.3.1}{\376\377\0003\000.\0001\000.\000\040\000D\000e\000f\000i\000n\000i\000t\000i\000o\000n\000s\000/\000T\000h\000e\000o\000r\000e\000m\000s}{section.3}% 6
\BOOKMARK [2][-]{subsection.3.2}{\376\377\0003\000.\0002\000.\000\040\000P\000r\000o\000b\000l\000e\000m\000s\000\040\000a\000n\000d\000\040\000S\000o\000l\000u\000t\000i\000o\000n\000s}{section.3}% 7
\BOOKMARK [1][-]{section.4}{\376\377\0004\000.\000\040\000I\000m\000p\000o\000r\000t\000a\000n\000t\000\040\000n\000o\000t\000e\000s\000\040\000f\000r\000o\000m\000\040\000t\000h\000e\000\040\000b\000o\000o\000k}{}% 8
\BOOKMARK [2][-]{subsection.4.1}{\376\377\0004\000.\0001\000.\000\040\000D\000e\000f\000i\000n\000i\000t\000i\000o\000n\000s\000/\000T\000h\000e\000o\000r\000e\000m\000s}{section.4}% 9
\BOOKMARK [2][-]{subsection.4.2}{\376\377\0004\000.\0002\000.\000\040\000P\000r\000o\000b\000l\000e\000m\000s\000\040\000a\000n\000d\000\040\000S\000o\000l\000u\000t\000i\000o\000n\000s}{section.4}% 10
\BOOKMARK [1][-]{section.5}{\376\377\0005\000.\000\040\000I\000m\000p\000o\000r\000t\000a\000n\000t\000\040\000n\000o\000t\000e\000s\000\040\000f\000r\000o\000m\000\040\000t\000h\000e\000\040\000b\000o\000o\000k}{}% 11
\BOOKMARK [2][-]{subsection.5.1}{\376\377\0005\000.\0001\000.\000\040\000D\000e\000f\000i\000n\000i\000t\000i\000o\000n\000s\000/\000T\000h\000e\000o\000r\000e\000m\000s}{section.5}% 12
\BOOKMARK [2][-]{subsection.5.2}{\376\377\0005\000.\0002\000.\000\040\000P\000r\000o\000b\000l\000e\000m\000s\000\040\000a\000n\000d\000\040\000S\000o\000l\000u\000t\000i\000o\000n\000s}{section.5}% 13
\BOOKMARK [1][-]{section.6}{\376\377\0006\000.\000\040\000L\000e\000s\000s\000o\000n\000\040\0001}{}% 14
\BOOKMARK [2][-]{subsection.6.1}{\376\377\0006\000.\0001\000.\000\040\0007\0002\0007}{section.6}% 15
\BOOKMARK [2][-]{subsection.6.2}{\376\377\0006\000.\0002\000.\000\040\0007\000.\0002\0001\0000}{section.6}% 16
\BOOKMARK [2][-]{subsection.6.3}{\376\377\0006\000.\0003\000.\000\040\0007\000.\0002\000.\0001\0002}{section.6}% 17
\BOOKMARK [2][-]{subsection.6.4}{\376\377\0006\000.\0004\000.\000\040\0007\000.\0002\000.\0001\0004}{section.6}% 18
\BOOKMARK [2][-]{subsection.6.5}{\376\377\0006\000.\0005\000.\000\040\0007\0000\0002}{section.6}% 19
\BOOKMARK [1][-]{section.7}{\376\377\0007\000.\000\040\000I\000m\000p\000o\000r\000t\000a\000n\000t\000\040\000n\000o\000t\000e\000s\000\040\000f\000r\000o\000m\000\040\000t\000h\000e\000\040\000b\000o\000o\000k}{}% 20
\BOOKMARK [2][-]{subsection.7.1}{\376\377\0007\000.\0001\000.\000\040\000D\000e\000f\000i\000n\000i\000t\000i\000o\000n\000s\000/\000T\000h\000e\000o\000r\000e\000m\000s}{section.7}% 21
\BOOKMARK [2][-]{subsection.7.2}{\376\377\0007\000.\0002\000.\000\040\000P\000r\000o\000b\000l\000e\000m\000s\000\040\000a\000n\000d\000\040\000S\000o\000l\000u\000t\000i\000o\000n\000s}{section.7}% 22
