\BOOKMARK [1][-]{section.1}{\376\377\0001\000.\000\040\000F\000\366\000r\000e\000l\000\344\000s\000n\000i\000n\000g\000\040\000-\000\040\000I\000n\000t\000r\000o}{}% 1
\BOOKMARK [2][-]{subsection.1.1}{\376\377\0001\000.\0001\000.\000\040\000V\000a\000d\000\040\000\344\000r\000\040\000e\000n\000\040\000d\000i\000f\000f\000e\000r\000e\000n\000t\000i\000a\000l\000e\000k\000v\000a\000t\000i\000o\000n\000?}{section.1}% 2
\BOOKMARK [2][-]{subsection.1.2}{\376\377\0001\000.\0002\000.\000\040\000E\000x\000e\000m\000e\000p\000e\000l\000\040\000p\000\345\000\040\000O\000D\000E}{section.1}% 3
\BOOKMARK [2][-]{subsection.1.3}{\376\377\0001\000.\0003\000.\000\040\000E\000x\000e\000m\000e\000p\000e\000l\000\040\000p\000\345\000\040\000P\000D\000E}{section.1}% 4
\BOOKMARK [2][-]{subsection.1.4}{\376\377\0001\000.\0004\000.\000\040\000N\000e\000w\000t\000o\000n\000s\000\040\000a\000n\000d\000r\000a\000\040\000l\000a\000g}{section.1}% 5
\BOOKMARK [2][-]{subsection.1.5}{\376\377\0001\000.\0005\000.\000\040\000S\000p\000r\000i\000d\000n\000i\000n\000g\000\040\000a\000v\000\040\000e\000n\000\040\000s\000j\000u\000k\000d\000o\000m}{section.1}% 6
\BOOKMARK [2][-]{subsection.1.6}{\376\377\0001\000.\0006\000.\000\040\000R\000i\000k\000t\000n\000i\000n\000g\000s\000f\000\344\000l\000t}{section.1}% 7
\BOOKMARK [2][-]{subsection.1.7}{\376\377\0001\000.\0007\000.\000\040\000L\000\366\000s\000n\000i\000n\000g\000\040\000a\000v\000\040\000e\000n\000\040\000O\000D\000E}{section.1}% 8
\BOOKMARK [2][-]{subsection.1.8}{\376\377\0001\000.\0008\000.\000\040\000K\000l\000a\000s\000s\000i\000f\000i\000c\000e\000r\000i\000n\000g\000\040\000a\000v\000\040\000O\000D\000E\000:\000e\000r}{section.1}% 9
\BOOKMARK [2][-]{subsection.1.9}{\376\377\0001\000.\0009\000.\000\040\000E\000x\000e\000m\000e\000p\000e\000l}{section.1}% 10
\BOOKMARK [2][-]{subsection.1.10}{\376\377\0001\000.\0001\0000\000.\000\040\000E\000x\000e\000m\000e\000p\000e\000l}{section.1}% 11
\BOOKMARK [2][-]{subsection.1.11}{\376\377\0001\000.\0001\0001\000.\000\040\000I\000d\000\351\000n\000\040\000i\000\040\000d\000e\000n\000\040\000h\000\344\000r\000\040\000k\000u\000r\000s\000e\000n}{section.1}% 12
\BOOKMARK [1][-]{section.2}{\376\377\0002\000.\000\040\000F\000\366\000r\000e\000l\000\344\000s\000n\000i\000n\000g\000\040\000-\000\040\0001\000:\000a\000\040\000o\000r\000d\000n\000i\000n\000g\000e\000n\000s\000\040\000O\000D\000E\000\040\000o\000c\000h\000\040\0003\000\040\000t\000y\000p\000e\000r}{}% 13
\BOOKMARK [2][-]{subsection.2.1}{\376\377\0002\000.\0001\000.\000\040\000L\000i\000n\000j\000\344\000r\000a\000\040\0001\000:\000a\000\040\000o\000r\000d\000n\000i\000n\000g\000e\000n\000s\000\040\000O\000D\000E}{section.2}% 14
\BOOKMARK [2][-]{subsection.2.2}{\376\377\0002\000.\0002\000.\000\040\000M\000o\000t\000i\000v\000e\000r\000a\000n\000d\000e\000\040\000e\000x\000m\000p\000e\000l}{section.2}% 15
\BOOKMARK [2][-]{subsection.2.3}{\376\377\0002\000.\0003\000.\000\040\000E\000x\000e\000m\000p\000e\000l}{section.2}% 16
\BOOKMARK [2][-]{subsection.2.4}{\376\377\0002\000.\0004\000.\000\040\000S\000e\000p\000a\000r\000a\000b\000l\000a\000\040\000e\000k\000v\000a\000t\000i\000o\000n\000e\000r}{section.2}% 17
\BOOKMARK [2][-]{subsection.2.5}{\376\377\0002\000.\0005\000.\000\040\000E\000x\000e\000m\000p\000e\000l}{section.2}% 18
\BOOKMARK [2][-]{subsection.2.6}{\376\377\0002\000.\0006\000.\000\040\000E\000x\000e\000m\000p\000e\000l\000\040\0002}{section.2}% 19
\BOOKMARK [2][-]{subsection.2.7}{\376\377\0002\000.\0007\000.\000\040\000E\000x\000a\000k\000t\000a\000\040\000e\000k\000v\000a\000t\000i\000o\000n\000e\000r}{section.2}% 20
\BOOKMARK [2][-]{subsection.2.8}{\376\377\0002\000.\0008\000.\000\040\000E\000n\000k\000e\000l\000t\000\040\000e\000x\000e\000m\000p\000e\000l}{section.2}% 21
\BOOKMARK [2][-]{subsection.2.9}{\376\377\0002\000.\0009\000.\000\040\000E\000x\000e\000m\000p\000e\000l}{section.2}% 22
\BOOKMARK [2][-]{subsection.2.10}{\376\377\0002\000.\0001\0000\000.\000\040\000E\000x\000e\000m\000p\000e\000l\000\040\000p\000\345\000\040\000d\000i\000f\000f\000e\000r\000e\000n\000t\000i\000a\000l\000e\000k\000v\000a\000t\000i\000o\000n\000e\000r\000\040\000s\000o\000m\000\040\000e\000j\000\040\000l\000i\000n\000j\000\344\000r\000,\000\040\000e\000x\000a\000k\000t\000,\000\040\000e\000l\000l\000e\000r\000\040\000s\000e\000p\000a\000r\000a\000b\000e\000l}{section.2}% 23
\BOOKMARK [1][-]{section.3}{\376\377\0003\000.\000\040\000F\000\366\000r\000t\000y\000d\000l\000i\000g\000a\000n\000d\000e\000\040\000-\000\040\000F\000\366\000r\000e\000l\000\344\000s\000n\000i\000n\000g\000\040\0002}{}% 24
\BOOKMARK [2][-]{subsection.3.1}{\376\377\0003\000.\0001\000.\000\040\000E\000x\000e\000m\000p\000e\000l}{section.3}% 25
\BOOKMARK [1][-]{section.4}{\376\377\0004\000.\000\040\000F\000\366\000r\000e\000l\000\344\000s\000n\000i\000n\000g\000\040\000-\000\040\000E\000x\000i\000s\000t\000e\000n\000s\000\040\000o\000c\000h\000\040\000u\000n\000i\000k\000h\000e\000t}{}% 26
\BOOKMARK [2][-]{subsection.4.1}{\376\377\0004\000.\0001\000.\000\040\000E\000x\000e\000m\000p\000e\000l}{section.4}% 27
\BOOKMARK [1][-]{section.5}{\376\377\0005\000.\000\040\000U\000p\000p\000g\000i\000f\000t\000e\000r\000\040\000-\000\040\000K\000l\000a\000s\000s\000i\000f\000i\000c\000e\000r\000i\000n\000g\000\040\000a\000v\000\040\000O\000D\000E}{}% 28
\BOOKMARK [1][-]{section.6}{\376\377\0006\000.\000\040\000A\000n\000d\000r\000a\000\040\000o\000r\000d\000n\000i\000n\000g\000e\000n\000s\000\040\000l\000i\000n\000j\000\344\000r\000a\000\040\000O\000D\000E\000:\000e\000r}{}% 29
\BOOKMARK [2][-]{subsection.6.1}{\376\377\0006\000.\0001\000.\000\040\000E\000x\000e\000m\000p\000e\000l}{section.6}% 30
\BOOKMARK [2][-]{subsection.6.2}{\376\377\0006\000.\0002\000.\000\040\000H\000o\000m\000o\000g\000e\000n\000a\000\040\000e\000k\000v\000a\000t\000i\000o\000n\000e\000r}{section.6}% 31
\BOOKMARK [1][-]{section.7}{\376\377\0007\000.\000\040\000F\000\366\000r\000e\000l\000\344\000s\000n\000i\000n\000g\000\040\000-\000\040\000H\000o\000m\000o\000g\000e\000n\000a\000\040\000e\000k\000v\000a\000t\000i\000o\000n\000e\000r}{}% 32
\BOOKMARK [2][-]{subsection.7.1}{\376\377\0007\000.\0001\000.\000\040\000R\000e\000d\000u\000k\000t\000i\000o\000n\000\040\000a\000v\000\040\000o\000r\000d\000n\000i\000n\000g}{section.7}% 33
\BOOKMARK [2][-]{subsection.7.2}{\376\377\0007\000.\0002\000.\000\040\000H\000o\000m\000o\000g\000e\000n\000a\000\040\0002\000:\000a\000\040\000o\000r\000n\000d\000i\000n\000g\000e\000n\000s\000\040\000l\000i\000n\000j\000.\000\040\000O\000D\000E\000\040\000m\000e\000d\000\040\000k\000o\000n\000s\000t\000a\000n\000t\000a\000\040\000k\000o\000e\000f\000f\000i\000c\000i\000e\000n\000t\000e\000r\000\040\000p\000,\000q}{section.7}% 34
\BOOKMARK [1][-]{section.8}{\376\377\0008\000.\000\040\000F\000\366\000r\000e\000l\000\344\000s\000n\000i\000n\000g}{}% 35
\BOOKMARK [2][-]{subsection.8.1}{\376\377\0008\000.\0001\000.\000\040\000M\000e\000t\000o\000d\000e\000n\000\040\000m\000e\000d\000\040\000o\000b\000e\000s\000t\000\344\000m\000d\000a\000\040\000k\000o\000e\000f\000f\000i\000c\000i\000e\000n\000t\000e\000r}{section.8}% 36
\BOOKMARK [2][-]{subsection.8.2}{\376\377\0008\000.\0002\000.\000\040\000V\000a\000r\000i\000a\000t\000i\000o\000n\000\040\000a\000v\000\040\000p\000a\000r\000a\000m\000e\000t\000e\000r\000-\000m\000e\000t\000o\000d\000e\000n}{section.8}% 37
\BOOKMARK [1][-]{section.9}{\376\377\0009\000.\000\040\000U\000p\000p\000g\000i\000f\000t\000e\000r\000\040\000-\000\040}{}% 38
\BOOKMARK [1][-]{section.10}{\376\377\0001\0000\000.\000\040\000P\000o\000t\000e\000n\000s\000s\000e\000r\000i\000e\000l\000\366\000s\000n\000i\000n\000g\000a\000r}{}% 39
\BOOKMARK [2][-]{subsection.10.1}{\376\377\0001\0000\000.\0001\000.\000\040\000P\000o\000t\000e\000n\000s\000s\000e\000r\000i\000e\000r\000\040\000-\000\040\000R\000e\000p\000e\000t\000i\000t\000i\000o\000n}{section.10}% 40
\BOOKMARK [2][-]{subsection.10.2}{\376\377\0001\0000\000.\0002\000.\000\040\000P\000o\000t\000e\000n\000s\000s\000e\000r\000i\000e\000-\000m\000e\000t\000o\000d\000e\000n}{section.10}% 41
\BOOKMARK [1][-]{section.11}{\376\377\0001\0001\000.\000\040\000P\000o\000t\000e\000n\000s\000s\000e\000r\000i\000e\000l\000\366\000s\000n\000i\000n\000g\000a\000r\000\040\000-\000\040\000F\000o\000r\000t\000s\000.}{}% 42
\BOOKMARK [2][-]{subsection.11.1}{\376\377\0001\0001\000.\0001\000.\000\040\000C\000a\000u\000c\000h\000y\000-\000E\000u\000l\000e\000r\000s\000\040\000E\000k\000v\000a\000t\000i\000o\000n}{section.11}% 43
\BOOKMARK [2][-]{subsection.11.2}{\376\377\0001\0001\000.\0002\000.\000\040\000R\000e\000g\000u\000l\000j\000\344\000r\000a\000\040\000s\000i\000n\000g\000u\000l\000\344\000r\000a\000\040\000p\000u\000n\000k\000t\000e\000r}{section.11}% 44
\BOOKMARK [1][-]{section.12}{\376\377\0001\0002\000.\000\040\000E\000g\000n\000a\000\040\000a\000n\000t\000e\000c\000k\000n\000i\000n\000g\000a\000r\000\040\000-\000\040\000F\000u\000n\000d\000a\000m\000e\000n\000t\000a\000l\000\040\000t\000e\000o\000r\000i}{}% 45
\BOOKMARK [2][-]{subsection.12.1}{\376\377\0001\0002\000.\0001\000.\000\040\000L\000\366\000s\000n\000i\000n\000g\000s\000i\000n\000t\000e\000r\000v\000a\000l\000l}{section.12}% 46
\BOOKMARK [1][-]{section.13}{\376\377\0001\0003\000.\000\040\000F\000r\000o\000b\000e\000n\000i\000u\000s\000\040\000m\000e\000t\000o\000d}{}% 47
\BOOKMARK [2][-]{subsection.13.1}{\376\377\0001\0003\000.\0001\000.\000\040\000E\000x\000e\000m\000p\000e\000l}{section.13}% 48
\BOOKMARK [1][-]{section.14}{\376\377\0001\0004\000.\000\040\000U\000p\000p\000g\000i\000f\000t\000e\000r}{}% 49
\BOOKMARK [2][-]{subsection.14.1}{\376\377\0001\0004\000.\0001\000.\000\040\000P\000o\000t\000e\000n\000s\000s\000e\000r\000i\000e\000l\000\366\000s\000n\000i\000n\000g\000a\000r}{section.14}% 50
\BOOKMARK [2][-]{subsection.14.2}{\376\377\0001\0004\000.\0002\000.\000\040\000E\000u\000l\000e\000r\000e\000k\000v\000a\000t\000i\000o\000n\000e\000n}{section.14}% 51
\BOOKMARK [2][-]{subsection.14.3}{\376\377\0001\0004\000.\0003\000.\000\040\000F\000r\000o\000b\000e\000i\000n\000u\000s\000\040\000m\000e\000t\000o\000d}{section.14}% 52
\BOOKMARK [2][-]{subsection.14.4}{\376\377\0001\0004\000.\0004\000.\000\040\000G\000a\000m\000m\000a\000l\000\040\000i\000n\000l\000u\000p\000p\000\040\000u\000p\000p\000g\000i\000f\000t}{section.14}% 53
