\BOOKMARK [1][-]{section.1}{\376\377\0001\000.\000\040\000O\000p\000t\000i\000o\000n\000s}{}% 1
\BOOKMARK [1][-]{section.2}{\376\377\0002\000.\000\040\000C\000o\000n\000t\000i\000n\000o\000u\000s\000\040\000t\000i\000m\000e\000\040\000\046\000\040\000B\000r\000o\000w\000n\000i\000a\000n\000\040\000M\000o\000t\000i\000o\000n}{}% 2
\BOOKMARK [2][-]{subsection.2.1}{\376\377\0002\000.\0001\000.\000\040\000S\000i\000m\000p\000l\000e\000\040\000R\000a\000n\000d\000o\000m\000\040\000W\000a\000l\000k}{section.2}% 3
\BOOKMARK [2][-]{subsection.2.2}{\376\377\0002\000.\0002\000.\000\040\000S\000t\000o\000c\000h\000a\000s\000t\000i\000c\000\040\000i\000n\000t\000e\000g\000r\000a\000t\000i\000o\000n}{section.2}% 4
\BOOKMARK [2][-]{subsection.2.3}{\376\377\0002\000.\0003\000.\000\040\000P\000r\000o\000p\000e\000r\000t\000i\000e\000s\000\040\000o\000f\000\040\000t\000h\000e\000\040\000s\000t\000o\000c\000h\000a\000s\000t\000i\000c\000\040\000i\000n\000t\000e\000g\000r\000a\000l}{section.2}% 5
\BOOKMARK [1][-]{section.3}{\376\377\0003\000.\000\040\000M\000a\000r\000t\000i\000n\000g\000a\000l\000e\000s}{}% 6
\BOOKMARK [1][-]{section.4}{\376\377\0004\000.\000\040\000I\000t\000o\000s\000\040\000f\000o\000r\000m\000u\000l\000a}{}% 7
\BOOKMARK [2][-]{subsection.4.1}{\376\377\0004\000.\0001\000.\000\040\000T\000a\000y\000l\000o\000r\000\040\000E\000x\000p\000a\000n\000s\000i\000o\000n}{section.4}% 8
\BOOKMARK [2][-]{subsection.4.2}{\376\377\0004\000.\0002\000.\000\040\000M\000u\000l\000t\000i\000-\000d\000i\000m\000e\000n\000s\000i\000o\000n\000a\000l\000\040\000I\000t\000o\000\040\000f\000o\000r\000m\000u\000l\000a}{section.4}% 9
\BOOKMARK [1][-]{section.5}{\376\377\0005\000.\000\040\000C\000o\000r\000r\000e\000l\000a\000t\000e\000d\000\040\000B\000r\000o\000w\000n\000i\000a\000n\000\040\000M\000o\000t\000i\000o\000n\000s}{}% 10
\BOOKMARK [1][-]{section.6}{\376\377\0006\000.\000\040\000S\000t\000o\000c\000h\000a\000s\000t\000i\000c\000\040\000D\000i\000f\000f\000e\000r\000e\000n\000t\000i\000a\000l\000\040\000E\000q\000u\000a\000t\000i\000o\000n\000s}{}% 11
\BOOKMARK [1][-]{section.7}{\376\377\0007\000.\000\040\000G\000e\000o\000m\000e\000t\000r\000i\000c\000\040\000B\000r\000o\000w\000n\000i\000a\000n\000\040\000M\000o\000t\000i\000o\000n}{}% 12
\BOOKMARK [1][-]{section.8}{\376\377\0008\000.\000\040\000P\000a\000r\000t\000i\000a\000l\000\040\000D\000i\000f\000f\000e\000r\000e\000n\000t\000i\000a\000l\000\040\000E\000q\000u\000t\000i\000o\000n\000s}{}% 13
\BOOKMARK [1][-]{section.9}{\376\377\0009\000.\000\040\000P\000o\000r\000t\000f\000o\000l\000i\000o\000\040\000D\000y\000n\000a\000m\000i\000c\000s}{}% 14
\BOOKMARK [1][-]{section.10}{\376\377\0001\0000\000.\000\040\000A\000r\000b\000i\000t\000r\000a\000g\000e\000\040\000P\000r\000i\000c\000i\000n\000g}{}% 15
\BOOKMARK [2][-]{subsection.10.1}{\376\377\0001\0000\000.\0001\000.\000\040\000D\000r\000i\000f\000t\000\040\000e\000s\000t\000i\000m\000a\000t\000i\000o\000n}{section.10}% 16
\BOOKMARK [1][-]{section.11}{\376\377\0001\0001\000.\000\040\000V\000o\000l\000a\000t\000i\000l\000i\000t\000y}{}% 17
\BOOKMARK [2][-]{subsection.11.1}{\376\377\0001\0001\000.\0001\000.\000\040\000H\000i\000s\000t\000o\000r\000i\000c\000\040\000v\000o\000l\000a\000t\000i\000l\000i\000t\000y}{section.11}% 18
\BOOKMARK [2][-]{subsection.11.2}{\376\377\0001\0001\000.\0002\000.\000\040\000I\000m\000p\000l\000i\000e\000d\000\040\000v\000o\000l\000a\000t\000i\000l\000i\000t\000y}{section.11}% 19
\BOOKMARK [1][-]{section.12}{\376\377\0001\0002\000.\000\040\000C\000o\000m\000p\000l\000e\000t\000e\000n\000e\000s\000s\000\040\000a\000n\000d\000\040\000H\000e\000d\000g\000i\000n\000g}{}% 20
\BOOKMARK [1][-]{section.13}{\376\377\0001\0003\000.\000\040\000V\000o\000l\000a\000t\000i\000l\000i\000t\000y\000\040\000M\000i\000s\000-\000s\000p\000e\000c\000i\000f\000i\000c\000a\000t\000i\000o\000n}{}% 21
\BOOKMARK [1][-]{section.14}{\376\377\0001\0004\000.\000\040\000A\000s\000i\000a\000n\000\040\000O\000p\000t\000i\000o\000n\000s}{}% 22
\BOOKMARK [2][-]{subsection.14.1}{\376\377\0001\0004\000.\0001\000.\000\040\000C\000o\000m\000p\000l\000e\000t\000e\000n\000e\000s\000s\000\040\000v\000s\000\040\000A\000b\000s\000e\000n\000c\000e\000\040\000o\000f\000\040\000A\000r\000b\000i\000t\000r\000a\000g\000e}{section.14}% 23
\BOOKMARK [1][-]{section.15}{\376\377\0001\0005\000.\000\040\000P\000a\000r\000i\000t\000y\000\040\000R\000e\000l\000a\000t\000i\000o\000n\000s}{}% 24
\BOOKMARK [2][-]{subsection.15.1}{\376\377\0001\0005\000.\0001\000.\000\040\000S\000t\000a\000t\000i\000c\000\040\000H\000e\000d\000g\000i\000n\000g}{section.15}% 25
\BOOKMARK [2][-]{subsection.15.2}{\376\377\0001\0005\000.\0002\000.\000\040\000T\000h\000e\000\040\000G\000r\000e\000e\000k\000s}{section.15}% 26
\BOOKMARK [2][-]{subsection.15.3}{\376\377\0001\0005\000.\0003\000.\000\040\000D\000e\000l\000t\000a\000\040\000a\000n\000d\000\040\000G\000a\000m\000m\000a\000\040\000H\000e\000d\000g\000i\000n\000g}{section.15}% 27
\BOOKMARK [1][-]{section.16}{\376\377\0001\0006\000.\000\040\000M\000u\000l\000t\000i\000-\000d\000i\000m\000e\000n\000s\000i\000o\000n\000a\000l\000\040\000M\000o\000d\000e\000l\000s}{}% 28
\BOOKMARK [2][-]{subsection.16.1}{\376\377\0001\0006\000.\0001\000.\000\040\000R\000e\000d\000u\000c\000i\000n\000g\000\040\000t\000h\000e\000\040\000s\000t\000a\000t\000e\000\040\000s\000p\000a\000c\000e}{section.16}% 29
\BOOKMARK [1][-]{section.17}{\376\377\0001\0007\000.\000\040\000I\000n\000c\000o\000m\000p\000l\000e\000t\000e\000\040\000M\000a\000r\000k\000e\000t\000s}{}% 30
\BOOKMARK [1][-]{section.18}{\376\377\0001\0008\000.\000\040\000D\000i\000s\000c\000r\000e\000t\000e\000\040\000D\000i\000v\000i\000d\000e\000n\000d\000s}{}% 31
\BOOKMARK [1][-]{section.19}{\376\377\0001\0009\000.\000\040\000C\000o\000n\000t\000i\000n\000u\000o\000u\000s\000\040\000D\000i\000v\000i\000d\000e\000n\000d\000s}{}% 32
\BOOKMARK [1][-]{section.20}{\376\377\0002\0000\000.\000\040\000F\000o\000r\000w\000a\000r\000d\000\040\000C\000o\000n\000t\000r\000a\000c\000t\000s}{}% 33
\BOOKMARK [2][-]{subsection.20.1}{\376\377\0002\0000\000.\0001\000.\000\040\000S\000h\000o\000r\000t\000\040\000R\000a\000t\000e\000\040\000M\000o\000d\000e\000l\000s}{section.20}% 34
\BOOKMARK [1][-]{section.21}{\376\377\0002\0001\000.\000\040\000M\000a\000r\000t\000i\000n\000g\000a\000l\000e\000\040\000M\000o\000d\000e\000l\000s\000\040\000f\000o\000r\000\040\000t\000h\000e\000\040\000S\000h\000o\000r\000t\000\040\000R\000a\000t\000e}{}% 35
\BOOKMARK [2][-]{subsection.21.1}{\376\377\0002\0001\000.\0001\000.\000\040\000P\000o\000p\000u\000l\000a\000r\000\040\000M\000o\000d\000e\000l\000s}{section.21}% 36
\BOOKMARK [2][-]{subsection.21.2}{\376\377\0002\0001\000.\0002\000.\000\040\000A\000f\000f\000i\000n\000e\000\040\000T\000e\000r\000m\000\040\000S\000t\000r\000u\000c\000t\000u\000r\000e\000s}{section.21}% 37
\BOOKMARK [1][-]{section.22}{\376\377\0002\0002\000.\000\040\000C\000u\000r\000r\000e\000n\000c\000y\000\040\000D\000e\000r\000i\000v\000a\000t\000i\000v\000e\000s}{}% 38
\BOOKMARK [1][-]{section.23}{\376\377\0002\0003\000.\000\040\000B\000o\000n\000d\000s\000\040\000a\000n\000d\000\040\000I\000n\000t\000e\000r\000e\000s\000t\000\040\000R\000a\000t\000e\000s}{}% 39
