\BOOKMARK [1][-]{section.1}{\376\377\0001\000.\000\040\000T\000O\000D\000O}{}% 1
\BOOKMARK [1][-]{section.2}{\376\377\0002\000.\000\040\000B\000a\000k\000g\000r\000u\000n\000d}{}% 2
\BOOKMARK [2][-]{subsection.2.1}{\376\377\0002\000.\0001\000.\000\040\000K\000o\000m\000p\000l\000e\000x\000a\000\040\000e\000x\000p\000o\000n\000e\000n\000t\000i\000a\000l\000e\000r}{section.2}% 3
\BOOKMARK [2][-]{subsection.2.2}{\376\377\0002\000.\0002\000.\000\040\000L\000e\000b\000e\000s\000g\000u\000e\000\040\000i\000n\000t\000e\000g\000r\000a\000l\000e\000n}{section.2}% 4
\BOOKMARK [1][-]{section.3}{\376\377\0003\000.\000\040\000L\000a\000p\000l\000a\000c\000e\000\040\000T\000r\000a\000n\000s\000f\000o\000r\000m}{}% 5
\BOOKMARK [2][-]{subsection.3.1}{\376\377\0003\000.\0001\000.\000\040\000E\000g\000e\000n\000s\000k\000a\000p\000e\000r\000\040\000h\000o\000s\000\040\000L\000a\000p\000l\000a\000c\000e\000t\000r\000a\000n\000s\000f\000o\000r\000m\000a\000t\000i\000o\000n}{section.3}% 6
\BOOKMARK [1][-]{section.4}{\376\377\0004\000.\000\040\000T\000i\000l\000l\000\344\000m\000p\000n\000i\000n\000g\000a\000r\000\040\000p\000\345\000\040\000d\000i\000f\000f\000e\000r\000e\000n\000t\000i\000a\000l\000e\000k\000v\000a\000t\000i\000o\000n\000e\000r}{}% 7
\BOOKMARK [2][-]{subsection.4.1}{\376\377\0004\000.\0001\000.\000\040\000T\000i\000l\000l\000\344\000m\000p\000n\000i\000n\000g\000a\000r\000\040\000t\000i\000l\000l\000\040\000i\000n\000t\000e\000g\000r\000a\000l\000e\000k\000v\000a\000t\000i\000o\000n\000e\000r}{section.4}% 8
\BOOKMARK [1][-]{section.5}{\376\377\0005\000.\000\040\000S\000e\000r\000i\000e\000s\000\040\000o\000f\000\040\000f\000u\000n\000c\000t\000i\000o\000n\000s}{}% 9
\BOOKMARK [2][-]{subsection.5.1}{\376\377\0005\000.\0001\000.\000\040\000F\000u\000n\000k\000t\000i\000o\000n\000s\000f\000\366\000l\000j\000d\000e\000r}{section.5}% 10
\BOOKMARK [2][-]{subsection.5.2}{\376\377\0005\000.\0002\000.\000\040\000F\000u\000n\000k\000t\000i\000o\000n\000s\000s\000e\000r\000i\000e\000r}{section.5}% 11
\BOOKMARK [1][-]{section.6}{\376\377\0006\000.\000\040\000F\000o\000u\000r\000i\000e\000r\000s\000e\000r\000i\000e\000r}{}% 12
\BOOKMARK [2][-]{subsection.6.1}{\376\377\0006\000.\0001\000.\000\040\000N\000o\000t\000a\000t\000i\000o\000n\000\040\000\046\000\040\000T\000e\000r\000m\000i\000n\000o\000l\000o\000g\000i}{section.6}% 13
\BOOKMARK [1][-]{section.7}{\376\377\0007\000.\000\040\000A\000n\000a\000l\000y\000s\000\040\000a\000v\000\040\000F\000o\000u\000r\000i\000e\000r\000s\000e\000r\000i\000e\000r}{}% 14
\BOOKMARK [2][-]{subsection.7.1}{\376\377\0007\000.\0001\000.\000\040\000K\000o\000n\000v\000e\000r\000g\000e\000r\000a\000n\000d\000e\000\040\000F\000o\000u\000r\000i\000e\000r\000s\000e\000r\000i\000e\000r}{section.7}% 15
\BOOKMARK [1][-]{section.8}{\376\377\0008\000.\000\040\000D\000i\000r\000i\000c\000h\000l\000e\000t\000s\000\040\000c\000o\000n\000v\000e\000r\000g\000e\000n\000c\000e\000\040\000t\000h\000e\000o\000r\000e\000m}{}% 16
\BOOKMARK [2][-]{subsection.8.1}{\376\377\0008\000.\0001\000.\000\040\000D\000i\000r\000i\000c\000h\000l\000e\000t\000s\000\040\000k\000o\000n\000v\000e\000r\000g\000e\000n\000s\000k\000r\000i\000t\000e\000r\000i\000e\000r\000\040\000\050\000D\000I\000Y\000\040\000s\000a\000t\000s\000\051}{section.8}% 17
\BOOKMARK [1][-]{section.9}{\376\377\0009\000.\000\040\000L\000\366\000s\000a\000\040\000P\000D\000E\000:\000e\000r\000\040\000m\000e\000d\000\040\000F\000o\000u\000r\000i\000e\000r\000s\000e\000r\000i\000e\000r}{}% 18
\BOOKMARK [2][-]{subsection.9.1}{\376\377\0009\000.\0001\000.\000\040\000V\000i\000k\000t\000i\000g\000a\000\040\000P\000D\000E\000:\000e\000r\000\040\000s\000o\000m\000\040\000l\000\366\000s\000e\000s\000\040\000m\000e\000d\000\040\000s\000e\000p\000a\000r\000a\000t\000i\000o\000n\000\040\000o\000f\000\040\000v\000a\000r\000i\000a\000b\000l\000e\000r}{section.9}% 19
\BOOKMARK [2][-]{subsection.9.2}{\376\377\0009\000.\0002\000.\000\040\000S\000e\000p\000a\000r\000a\000t\000i\000o\000n\000\040\000a\000v\000\040\000v\000a\000r\000i\000a\000b\000l\000e\000r}{section.9}% 20
\BOOKMARK [1][-]{section.10}{\376\377\0001\0000\000.\000\040\000M\000e\000a\000n\000-\000S\000q\000u\000a\000r\000e\000\040\000k\000o\000n\000v\000e\000r\000g\000e\000n\000s\000\040\000a\000v\000\040\000F\000o\000u\000r\000i\000e\000r\000s\000e\000r\000i\000e\000r}{}% 21
