\BOOKMARK [1][-]{section.1}{\376\377\0001\000.\000\040\000P\000l\000a\000n\000a\000\040\000a\000l\000g\000e\000b\000r\000a\000i\000s\000k\000a\000\040\000k\000u\000r\000v\000o\000r}{}% 1
\BOOKMARK [1][-]{section.2}{\376\377\0002\000.\000\040\000A\000f\000f\000i\000n\000a\000\040\000a\000v\000b\000i\000l\000d\000n\000i\000n\000g\000a\000r}{}% 2
\BOOKMARK [1][-]{section.3}{\376\377\0003\000.\000\040\000K\000l\000a\000s\000s\000i\000f\000i\000c\000e\000r\000i\000n\000g\000\040\000a\000v\000\040\000a\000n\000d\000r\000a\000g\000r\000a\000d\000s\000p\000o\000l\000y\000n\000o\000m\000\040\000i\000\040\000t\000v\000\345\000\040\000v\000a\000r\000i\000a\000b\000l\000e\000r}{}% 3
\BOOKMARK [1][-]{section.4}{\376\377\0004\000.\000\040\000\326\000v\000n\000i\000n\000g\000s\000u\000p\000p\000g\000i\000f\000t\000e\000r}{}% 4
\BOOKMARK [1][-]{section.5}{\376\377\0005\000.\000\040\000K\000o\000m\000p\000l\000e\000x\000a\000\040\000p\000l\000a\000n\000e\000t\000\040\000C\0002}{}% 5
\BOOKMARK [1][-]{section.6}{\376\377\0006\000.\000\040\000V\000a\000d\000\040\000\344\000r\000\040\000b\000r\000a\000\040\000m\000e\000d\000\040\000C\000-\000k\000u\000r\000v\000o\000r\000?}{}% 6
\BOOKMARK [1][-]{section.7}{\376\377\0007\000.\000\040\000S\000k\000\344\000r\000n\000i\000n\000g\000s\000t\000a\000l\000e\000t\000\040\000\050\000s\000k\000\344\000r\000n\000i\000n\000g\000s\000m\000u\000l\000t\000i\000p\000l\000i\000c\000i\000t\000e\000t\000\051}{}% 7
\BOOKMARK [2][-]{subsection.7.1}{\376\377\0007\000.\0001\000.\000\040\000K\000o\000n\000s\000e\000k\000v\000e\000n\000s\000e\000r\000\040\000a\000v\000\040\000a\000x\000i\000o\000m\000e\000n}{section.7}% 8
\BOOKMARK [1][-]{section.8}{\376\377\0008\000.\000\040\000V\000a\000d\000\040\000v\000i\000\040\000v\000e\000t\000\040\000n\000u\000\040\000o\000m\000\040\000B\000e\000z\000o\000u\000t\000s\000\040\000s\000a\000t\000s}{}% 9
\BOOKMARK [1][-]{section.9}{\376\377\0009\000.\000\040\000P\000r\000o\000j\000e\000k\000t\000i\000v\000\040\000G\000e\000o\000m\000e\000t\000r\000i\000\040\000\366\000v\000e\000r\000\040\000R}{}% 10
\BOOKMARK [2][-]{subsection.9.1}{\376\377\0009\000.\0001\000.\000\040\000P\000r\000o\000j\000e\000k\000t\000i\000v\000a\000\040\000t\000r\000a\000n\000s\000f\000o\000r\000m\000a\000t\000i\000o\000n\000e\000r}{section.9}% 11
\BOOKMARK [2][-]{subsection.9.2}{\376\377\0009\000.\0002\000.\000\040\000E\000k\000v\000i\000v\000a\000l\000e\000n\000t\000a\000\040\000p\000o\000l\000y\000n\000o\000m\000\040\000u\000p\000p\000\040\000t\000i\000l\000l\000\040\000p\000r\000o\000j\000e\000k\000t\000i\000v\000\040\000t\000r\000a\000n\000s\000f\000o\000r\000m\000a\000t\000i\000o\000n}{section.9}% 12
\BOOKMARK [2][-]{subsection.9.3}{\376\377\0009\000.\0003\000.\000\040\000S\000k\000\344\000r\000n\000i\000n\000g\000s\000t\000a\000l\000e\000t\000\040\000i\000\040\000R\000P\0002}{section.9}% 13
\BOOKMARK [2][-]{subsection.9.4}{\376\377\0009\000.\0004\000.\000\040\000G\000e\000n\000e\000r\000a\000l\000i\000s\000e\000r\000i\000n\000g\000\040\000a\000v\000\040\000R\000P\0002}{section.9}% 14
\BOOKMARK [1][-]{section.10}{\376\377\0001\0000\000.\000\040\000K\000o\000m\000p\000l\000e\000x\000a\000\040\000p\000r\000o\000j\000e\000k\000t\000i\000v\000a\000\040\000p\000l\000a\000n\000e\000t\000\040\000C\000P\0002}{}% 15
\BOOKMARK [1][-]{section.11}{\376\377\0001\0001\000.\000\040\000M\000e\000r\000\040\000o\000m\000\040\000A\000n\000d\000r\000a\000g\000r\000a\000d\000s\000k\000u\000r\000v\000o\000r}{}% 16
\BOOKMARK [1][-]{section.12}{\376\377\0001\0002\000.\000\040\000S\000i\000n\000g\000u\000l\000\344\000r\000a\000\040\000k\000u\000r\000v\000o\000r}{}% 17
\BOOKMARK [2][-]{subsection.12.1}{\376\377\0001\0002\000.\0001\000.\000\040\000H\000u\000r\000\040\000m\000\345\000n\000g\000a\000\040\000s\000i\000n\000g\000u\000l\000\344\000r\000a\000\040\000p\000u\000n\000k\000t\000e\000r\000\040\000k\000a\000n\000\040\000e\000n\000\040\000k\000u\000r\000v\000a\000\040\000h\000a\000?\000\040\000\050\000i\000\040\000C\000P\0002\000\051}{section.12}% 18
\BOOKMARK [2][-]{subsection.12.2}{\376\377\0001\0002\000.\0002\000.\000\040\000T\000r\000e\000d\000j\000e\000g\000r\000a\000d\000s\000k\000u\000r\000v\000o\000r}{section.12}% 19
\BOOKMARK [2][-]{subsection.12.3}{\376\377\0001\0002\000.\0003\000.\000\040\000T\000r\000e\000d\000j\000e\000g\000r\000a\000d\000s\000k\000u\000r\000v\000o\000r}{section.12}% 20
